[4.073s] Invoking command in '/home/moveright/omx_ws/build/open_manipulator_teleop': PYTHONPATH=/home/moveright/omx_ws/build/open_manipulator_teleop/prefix_override:/usr/lib/python3/dist-packages/colcon_core/task/python/colcon_distutils_commands:/home/moveright/omx_ws/install/open_manipulator_teleop/lib/python3.12/site-packages:${PYTHONPATH} /usr/bin/python3 -W ignore:setup.py install is deprecated -W ignore:easy_install command is deprecated setup.py develop --editable --build-directory /home/moveright/omx_ws/build/open_manipulator_teleop/build --no-deps symlink_data
[5.530s] running develop
[5.819s] running egg_info
[5.822s] creating open_manipulator_teleop.egg-info
[5.864s] writing open_manipulator_teleop.egg-info/PKG-INFO
[5.864s] writing dependency_links to open_manipulator_teleop.egg-info/dependency_links.txt
[5.864s] writing entry points to open_manipulator_teleop.egg-info/entry_points.txt
[5.864s] writing requirements to open_manipulator_teleop.egg-info/requires.txt
[5.864s] writing top-level names to open_manipulator_teleop.egg-info/top_level.txt
[5.864s] writing manifest file 'open_manipulator_teleop.egg-info/SOURCES.txt'
[5.921s] reading manifest file 'open_manipulator_teleop.egg-info/SOURCES.txt'
[5.922s] writing manifest file 'open_manipulator_teleop.egg-info/SOURCES.txt'
[5.968s] running build_ext
[5.969s] Creating /home/moveright/omx_ws/install/open_manipulator_teleop/lib/python3.12/site-packages/open-manipulator-teleop.egg-link (link to .)
[5.969s] Installing omx_f_teleop script to /home/moveright/omx_ws/install/open_manipulator_teleop/lib/open_manipulator_teleop
[5.977s] Installing omy_3m_teleop script to /home/moveright/omx_ws/install/open_manipulator_teleop/lib/open_manipulator_teleop
[5.977s] Installing omy_f3m_teleop script to /home/moveright/omx_ws/install/open_manipulator_teleop/lib/open_manipulator_teleop
[5.977s] Installing open_manipulator_x_teleop script to /home/moveright/omx_ws/install/open_manipulator_teleop/lib/open_manipulator_teleop
[5.977s] 
[5.978s] Installed /home/moveright/omx_ws/build/open_manipulator_teleop
[5.978s] running symlink_data
[5.978s] creating /home/moveright/omx_ws/install/open_manipulator_teleop/share/ament_index
[5.978s] creating /home/moveright/omx_ws/install/open_manipulator_teleop/share/ament_index/resource_index
[5.978s] creating /home/moveright/omx_ws/install/open_manipulator_teleop/share/ament_index/resource_index/packages
[5.978s] symbolically linking /home/moveright/omx_ws/build/open_manipulator_teleop/resource/open_manipulator_teleop -> /home/moveright/omx_ws/install/open_manipulator_teleop/share/ament_index/resource_index/packages
[5.979s] symbolically linking /home/moveright/omx_ws/build/open_manipulator_teleop/package.xml -> /home/moveright/omx_ws/install/open_manipulator_teleop/share/open_manipulator_teleop
[5.979s] creating /home/moveright/omx_ws/install/open_manipulator_teleop/share/open_manipulator_teleop/launch
[6.132s] Invoked command in '/home/moveright/omx_ws/build/open_manipulator_teleop' returned '0': PYTHONPATH=/home/moveright/omx_ws/build/open_manipulator_teleop/prefix_override:/usr/lib/python3/dist-packages/colcon_core/task/python/colcon_distutils_commands:/home/moveright/omx_ws/install/open_manipulator_teleop/lib/python3.12/site-packages:${PYTHONPATH} /usr/bin/python3 -W ignore:setup.py install is deprecated -W ignore:easy_install command is deprecated setup.py develop --editable --build-directory /home/moveright/omx_ws/build/open_manipulator_teleop/build --no-deps symlink_data
