[1.664s] Invoking command in '/home/moveright/omx_ws/build/open_manipulator_bringup': AMENT_PREFIX_PATH=/home/moveright/omx_ws/install/dynamixel_hardware_interface:/home/moveright/omx_ws/install/open_manipulator_description:/home/moveright/omx_ws/install/dynamixel_sdk:/home/moveright/omx_ws/install/dynamixel_interfaces:${AMENT_PREFIX_PATH} CMAKE_PREFIX_PATH=/home/moveright/omx_ws/install/dynamixel_hardware_interface:/home/moveright/omx_ws/install/open_manipulator_description:/home/moveright/omx_ws/install/dynamixel_sdk:/home/moveright/omx_ws/install/dynamixel_interfaces:${CMAKE_PREFIX_PATH} LD_LIBRARY_PATH=/home/moveright/omx_ws/install/dynamixel_hardware_interface/lib:/home/moveright/omx_ws/install/dynamixel_sdk/lib:/home/moveright/omx_ws/install/dynamixel_interfaces/lib:/opt/ros/jazzy/opt/gz_launch_vendor/lib:/opt/ros/jazzy/opt/gz_sim_vendor/lib:/opt/ros/jazzy/opt/gz_sensors_vendor/lib:/opt/ros/jazzy/opt/gz_physics_vendor/lib:/opt/ros/jazzy/opt/sdformat_vendor/lib:/opt/ros/jazzy/opt/rviz_ogre_vendor/lib:/opt/ros/jazzy/lib/x86_64-linux-gnu:/opt/ros/jazzy/opt/gz_gui_vendor/lib:/opt/ros/jazzy/opt/gz_transport_vendor/lib:/opt/ros/jazzy/opt/gz_rendering_vendor/lib:/opt/ros/jazzy/opt/gz_plugin_vendor/lib:/opt/ros/jazzy/opt/gz_fuel_tools_vendor/lib:/opt/ros/jazzy/opt/gz_msgs_vendor/lib:/opt/ros/jazzy/opt/gz_common_vendor/lib:/opt/ros/jazzy/opt/gz_math_vendor/lib:/opt/ros/jazzy/opt/gz_utils_vendor/lib:/opt/ros/jazzy/opt/gz_tools_vendor/lib:/opt/ros/jazzy/opt/gz_ogre_next_vendor/lib:/opt/ros/jazzy/opt/gz_dartsim_vendor/lib:/opt/ros/jazzy/opt/gz_cmake_vendor/lib:/opt/ros/jazzy/lib:/lib64 PYTHONPATH=/home/moveright/omx_ws/build/open_manipulator_bringup/prefix_override:/usr/lib/python3/dist-packages/colcon_core/task/python/colcon_distutils_commands:/home/moveright/omx_ws/install/open_manipulator_bringup/lib/python3.12/site-packages:/home/moveright/omx_ws/install/dynamixel_sdk/lib/python3.12/site-packages:/home/moveright/omx_ws/install/dynamixel_interfaces/lib/python3.12/site-packages:${PYTHONPATH} /usr/bin/python3 -W ignore:setup.py install is deprecated -W ignore:easy_install command is deprecated setup.py develop --editable --build-directory /home/moveright/omx_ws/build/open_manipulator_bringup/build --no-deps symlink_data
[1.967s] running develop
[2.188s] running egg_info
[2.188s] creating open_manipulator_bringup.egg-info
[2.208s] writing open_manipulator_bringup.egg-info/PKG-INFO
[2.209s] writing dependency_links to open_manipulator_bringup.egg-info/dependency_links.txt
[2.209s] writing entry points to open_manipulator_bringup.egg-info/entry_points.txt
[2.209s] writing requirements to open_manipulator_bringup.egg-info/requires.txt
[2.209s] writing top-level names to open_manipulator_bringup.egg-info/top_level.txt
[2.210s] writing manifest file 'open_manipulator_bringup.egg-info/SOURCES.txt'
[2.254s] reading manifest file 'open_manipulator_bringup.egg-info/SOURCES.txt'
[2.255s] writing manifest file 'open_manipulator_bringup.egg-info/SOURCES.txt'
[2.275s] running build_ext
[2.276s] Creating /home/moveright/omx_ws/install/open_manipulator_bringup/lib/python3.12/site-packages/open-manipulator-bringup.egg-link (link to .)
[2.276s] Installing joint_trajectory_executor script to /home/moveright/omx_ws/install/open_manipulator_bringup/lib/open_manipulator_bringup
[2.277s] Installing om_create_udev_rules script to /home/moveright/omx_ws/install/open_manipulator_bringup/lib/open_manipulator_bringup
[2.277s] 
[2.277s] Installed /home/moveright/omx_ws/build/open_manipulator_bringup
[2.278s] running symlink_data
[2.278s] creating /home/moveright/omx_ws/install/open_manipulator_bringup/share/ament_index
[2.278s] creating /home/moveright/omx_ws/install/open_manipulator_bringup/share/ament_index/resource_index
[2.278s] creating /home/moveright/omx_ws/install/open_manipulator_bringup/share/ament_index/resource_index/packages
[2.279s] symbolically linking /home/moveright/omx_ws/build/open_manipulator_bringup/resource/open_manipulator_bringup -> /home/moveright/omx_ws/install/open_manipulator_bringup/share/ament_index/resource_index/packages
[2.280s] symbolically linking /home/moveright/omx_ws/build/open_manipulator_bringup/package.xml -> /home/moveright/omx_ws/install/open_manipulator_bringup/share/open_manipulator_bringup
[2.281s] creating /home/moveright/omx_ws/install/open_manipulator_bringup/share/open_manipulator_bringup/launch
[2.282s] symbolically linking /home/moveright/omx_ws/build/open_manipulator_bringup/launch/omy_3m_gazebo.launch.py -> /home/moveright/omx_ws/install/open_manipulator_bringup/share/open_manipulator_bringup/launch
[2.282s] symbolically linking /home/moveright/omx_ws/build/open_manipulator_bringup/launch/open_manipulator_x.launch.py -> /home/moveright/omx_ws/install/open_manipulator_bringup/share/open_manipulator_bringup/launch
[2.283s] symbolically linking /home/moveright/omx_ws/build/open_manipulator_bringup/launch/omx_f_follower_ai_gazebo.launch.py -> /home/moveright/omx_ws/install/open_manipulator_bringup/share/open_manipulator_bringup/launch
[2.283s] symbolically linking /home/moveright/omx_ws/build/open_manipulator_bringup/launch/open_manipulator_x_gazebo.launch.py -> /home/moveright/omx_ws/install/open_manipulator_bringup/share/open_manipulator_bringup/launch
[2.284s] symbolically linking /home/moveright/omx_ws/build/open_manipulator_bringup/launch/omy_f3m_follower_ai.launch.py -> /home/moveright/omx_ws/install/open_manipulator_bringup/share/open_manipulator_bringup/launch
[2.284s] symbolically linking /home/moveright/omx_ws/build/open_manipulator_bringup/launch/omx_ai.launch.py -> /home/moveright/omx_ws/install/open_manipulator_bringup/share/open_manipulator_bringup/launch
[2.285s] symbolically linking /home/moveright/omx_ws/build/open_manipulator_bringup/launch/omy_f3m_follower_ai_gazebo.launch.py -> /home/moveright/omx_ws/install/open_manipulator_bringup/share/open_manipulator_bringup/launch
[2.285s] symbolically linking /home/moveright/omx_ws/build/open_manipulator_bringup/launch/omy_3m.launch.py -> /home/moveright/omx_ws/install/open_manipulator_bringup/share/open_manipulator_bringup/launch
[2.286s] symbolically linking /home/moveright/omx_ws/build/open_manipulator_bringup/launch/omy_f3m_leader_ai.launch.py -> /home/moveright/omx_ws/install/open_manipulator_bringup/share/open_manipulator_bringup/launch
[2.287s] symbolically linking /home/moveright/omx_ws/build/open_manipulator_bringup/launch/omy_3m_unpack.launch.py -> /home/moveright/omx_ws/install/open_manipulator_bringup/share/open_manipulator_bringup/launch
[2.287s] symbolically linking /home/moveright/omx_ws/build/open_manipulator_bringup/launch/omy_f3m.launch.py -> /home/moveright/omx_ws/install/open_manipulator_bringup/share/open_manipulator_bringup/launch
[2.288s] symbolically linking /home/moveright/omx_ws/build/open_manipulator_bringup/launch/omy_l100_follower_ai.launch.py -> /home/moveright/omx_ws/install/open_manipulator_bringup/share/open_manipulator_bringup/launch
[2.288s] symbolically linking /home/moveright/omx_ws/build/open_manipulator_bringup/launch/camera_usb_cam.launch.py -> /home/moveright/omx_ws/install/open_manipulator_bringup/share/open_manipulator_bringup/launch
[2.289s] symbolically linking /home/moveright/omx_ws/build/open_manipulator_bringup/launch/omx_f_follower_ai.launch.py -> /home/moveright/omx_ws/install/open_manipulator_bringup/share/open_manipulator_bringup/launch
[2.289s] symbolically linking /home/moveright/omx_ws/build/open_manipulator_bringup/launch/omx_f_gazebo.launch.py -> /home/moveright/omx_ws/install/open_manipulator_bringup/share/open_manipulator_bringup/launch
[2.290s] symbolically linking /home/moveright/omx_ws/build/open_manipulator_bringup/launch/omy_ai.launch.py -> /home/moveright/omx_ws/install/open_manipulator_bringup/share/open_manipulator_bringup/launch
[2.290s] symbolically linking /home/moveright/omx_ws/build/open_manipulator_bringup/launch/omy_f3m_gazebo.launch.py -> /home/moveright/omx_ws/install/open_manipulator_bringup/share/open_manipulator_bringup/launch
[2.291s] symbolically linking /home/moveright/omx_ws/build/open_manipulator_bringup/launch/omx_f.launch.py -> /home/moveright/omx_ws/install/open_manipulator_bringup/share/open_manipulator_bringup/launch
[2.291s] symbolically linking /home/moveright/omx_ws/build/open_manipulator_bringup/launch/omy_l100_leader_ai.launch.py -> /home/moveright/omx_ws/install/open_manipulator_bringup/share/open_manipulator_bringup/launch
[2.292s] symbolically linking /home/moveright/omx_ws/build/open_manipulator_bringup/launch/camera_realsense.launch.py -> /home/moveright/omx_ws/install/open_manipulator_bringup/share/open_manipulator_bringup/launch
[2.292s] symbolically linking /home/moveright/omx_ws/build/open_manipulator_bringup/launch/omx_l_leader_ai.launch.py -> /home/moveright/omx_ws/install/open_manipulator_bringup/share/open_manipulator_bringup/launch
[2.293s] symbolically linking /home/moveright/omx_ws/build/open_manipulator_bringup/launch/omy_3m_pack.launch.py -> /home/moveright/omx_ws/install/open_manipulator_bringup/share/open_manipulator_bringup/launch
[2.293s] symbolically linking /home/moveright/omx_ws/build/open_manipulator_bringup/launch/omy_ai_reverse.launch.py -> /home/moveright/omx_ws/install/open_manipulator_bringup/share/open_manipulator_bringup/launch
[2.294s] creating /home/moveright/omx_ws/install/open_manipulator_bringup/share/open_manipulator_bringup/config
[2.294s] creating /home/moveright/omx_ws/install/open_manipulator_bringup/share/open_manipulator_bringup/config/open_manipulator_x
[2.295s] symbolically linking /home/moveright/omx_ws/build/open_manipulator_bringup/config/open_manipulator_x/hardware_controller_manager.yaml -> /home/moveright/omx_ws/install/open_manipulator_bringup/share/open_manipulator_bringup/config/open_manipulator_x
[2.295s] symbolically linking /home/moveright/omx_ws/build/open_manipulator_bringup/config/open_manipulator_x/initial_positions.yaml -> /home/moveright/omx_ws/install/open_manipulator_bringup/share/open_manipulator_bringup/config/open_manipulator_x
[2.296s] creating /home/moveright/omx_ws/install/open_manipulator_bringup/share/open_manipulator_bringup/config/omy_3m
[2.296s] symbolically linking /home/moveright/omx_ws/build/open_manipulator_bringup/config/omy_3m/hardware_controller_manager.yaml -> /home/moveright/omx_ws/install/open_manipulator_bringup/share/open_manipulator_bringup/config/omy_3m
[2.297s] symbolically linking /home/moveright/omx_ws/build/open_manipulator_bringup/config/omy_3m/qc_positions.yaml -> /home/moveright/omx_ws/install/open_manipulator_bringup/share/open_manipulator_bringup/config/omy_3m
[2.298s] symbolically linking /home/moveright/omx_ws/build/open_manipulator_bringup/config/omy_3m/initial_positions.yaml -> /home/moveright/omx_ws/install/open_manipulator_bringup/share/open_manipulator_bringup/config/omy_3m
[2.298s] symbolically linking /home/moveright/omx_ws/build/open_manipulator_bringup/config/omy_3m/pack_positions.yaml -> /home/moveright/omx_ws/install/open_manipulator_bringup/share/open_manipulator_bringup/config/omy_3m
[2.299s] creating /home/moveright/omx_ws/install/open_manipulator_bringup/share/open_manipulator_bringup/config/omy_f3m
[2.299s] symbolically linking /home/moveright/omx_ws/build/open_manipulator_bringup/config/omy_f3m/hardware_controller_manager.yaml -> /home/moveright/omx_ws/install/open_manipulator_bringup/share/open_manipulator_bringup/config/omy_f3m
[2.300s] symbolically linking /home/moveright/omx_ws/build/open_manipulator_bringup/config/omy_f3m/initial_positions.yaml -> /home/moveright/omx_ws/install/open_manipulator_bringup/share/open_manipulator_bringup/config/omy_f3m
[2.300s] creating /home/moveright/omx_ws/install/open_manipulator_bringup/share/open_manipulator_bringup/config/omy_f3m_follower_ai
[2.301s] symbolically linking /home/moveright/omx_ws/build/open_manipulator_bringup/config/omy_f3m_follower_ai/hardware_controller_manager.yaml -> /home/moveright/omx_ws/install/open_manipulator_bringup/share/open_manipulator_bringup/config/omy_f3m_follower_ai
[2.301s] symbolically linking /home/moveright/omx_ws/build/open_manipulator_bringup/config/omy_f3m_follower_ai/qc_positions.yaml -> /home/moveright/omx_ws/install/open_manipulator_bringup/share/open_manipulator_bringup/config/omy_f3m_follower_ai
[2.302s] symbolically linking /home/moveright/omx_ws/build/open_manipulator_bringup/config/omy_f3m_follower_ai/initial_positions.yaml -> /home/moveright/omx_ws/install/open_manipulator_bringup/share/open_manipulator_bringup/config/omy_f3m_follower_ai
[2.302s] creating /home/moveright/omx_ws/install/open_manipulator_bringup/share/open_manipulator_bringup/config/omy_f3m_leader_ai
[2.303s] symbolically linking /home/moveright/omx_ws/build/open_manipulator_bringup/config/omy_f3m_leader_ai/hardware_controller_manager.yaml -> /home/moveright/omx_ws/install/open_manipulator_bringup/share/open_manipulator_bringup/config/omy_f3m_leader_ai
[2.303s] creating /home/moveright/omx_ws/install/open_manipulator_bringup/share/open_manipulator_bringup/config/omy_l100_follower_ai
[2.303s] symbolically linking /home/moveright/omx_ws/build/open_manipulator_bringup/config/omy_l100_follower_ai/hardware_controller_manager.yaml -> /home/moveright/omx_ws/install/open_manipulator_bringup/share/open_manipulator_bringup/config/omy_l100_follower_ai
[2.304s] symbolically linking /home/moveright/omx_ws/build/open_manipulator_bringup/config/omy_l100_follower_ai/initial_positions.yaml -> /home/moveright/omx_ws/install/open_manipulator_bringup/share/open_manipulator_bringup/config/omy_l100_follower_ai
[2.304s] creating /home/moveright/omx_ws/install/open_manipulator_bringup/share/open_manipulator_bringup/config/omy_l100_leader_ai
[2.305s] symbolically linking /home/moveright/omx_ws/build/open_manipulator_bringup/config/omy_l100_leader_ai/hardware_controller_manager.yaml -> /home/moveright/omx_ws/install/open_manipulator_bringup/share/open_manipulator_bringup/config/omy_l100_leader_ai
[2.305s] creating /home/moveright/omx_ws/install/open_manipulator_bringup/share/open_manipulator_bringup/config/omx_f
[2.306s] symbolically linking /home/moveright/omx_ws/build/open_manipulator_bringup/config/omx_f/hardware_controller_manager.yaml -> /home/moveright/omx_ws/install/open_manipulator_bringup/share/open_manipulator_bringup/config/omx_f
[2.306s] symbolically linking /home/moveright/omx_ws/build/open_manipulator_bringup/config/omx_f/initial_positions.yaml -> /home/moveright/omx_ws/install/open_manipulator_bringup/share/open_manipulator_bringup/config/omx_f
[2.307s] creating /home/moveright/omx_ws/install/open_manipulator_bringup/share/open_manipulator_bringup/config/omx_f_follower_ai
[2.307s] symbolically linking /home/moveright/omx_ws/build/open_manipulator_bringup/config/omx_f_follower_ai/hardware_controller_manager.yaml -> /home/moveright/omx_ws/install/open_manipulator_bringup/share/open_manipulator_bringup/config/omx_f_follower_ai
[2.308s] symbolically linking /home/moveright/omx_ws/build/open_manipulator_bringup/config/omx_f_follower_ai/initial_positions.yaml -> /home/moveright/omx_ws/install/open_manipulator_bringup/share/open_manipulator_bringup/config/omx_f_follower_ai
[2.308s] creating /home/moveright/omx_ws/install/open_manipulator_bringup/share/open_manipulator_bringup/config/omx_l_leader_ai
[2.309s] symbolically linking /home/moveright/omx_ws/build/open_manipulator_bringup/config/omx_l_leader_ai/hardware_controller_manager.yaml -> /home/moveright/omx_ws/install/open_manipulator_bringup/share/open_manipulator_bringup/config/omx_l_leader_ai
[2.309s] creating /home/moveright/omx_ws/install/open_manipulator_bringup/share/open_manipulator_bringup/worlds
[2.310s] symbolically linking /home/moveright/omx_ws/build/open_manipulator_bringup/worlds/empty_world.sdf -> /home/moveright/omx_ws/install/open_manipulator_bringup/share/open_manipulator_bringup/worlds
[2.310s] symbolically linking /home/moveright/omx_ws/build/open_manipulator_bringup/open-manipulator-cdc.rules -> /home/moveright/omx_ws/install/open_manipulator_bringup/share/open_manipulator_bringup
[2.348s] Invoked command in '/home/moveright/omx_ws/build/open_manipulator_bringup' returned '0': AMENT_PREFIX_PATH=/home/moveright/omx_ws/install/dynamixel_hardware_interface:/home/moveright/omx_ws/install/open_manipulator_description:/home/moveright/omx_ws/install/dynamixel_sdk:/home/moveright/omx_ws/install/dynamixel_interfaces:${AMENT_PREFIX_PATH} CMAKE_PREFIX_PATH=/home/moveright/omx_ws/install/dynamixel_hardware_interface:/home/moveright/omx_ws/install/open_manipulator_description:/home/moveright/omx_ws/install/dynamixel_sdk:/home/moveright/omx_ws/install/dynamixel_interfaces:${CMAKE_PREFIX_PATH} LD_LIBRARY_PATH=/home/moveright/omx_ws/install/dynamixel_hardware_interface/lib:/home/moveright/omx_ws/install/dynamixel_sdk/lib:/home/moveright/omx_ws/install/dynamixel_interfaces/lib:/opt/ros/jazzy/opt/gz_launch_vendor/lib:/opt/ros/jazzy/opt/gz_sim_vendor/lib:/opt/ros/jazzy/opt/gz_sensors_vendor/lib:/opt/ros/jazzy/opt/gz_physics_vendor/lib:/opt/ros/jazzy/opt/sdformat_vendor/lib:/opt/ros/jazzy/opt/rviz_ogre_vendor/lib:/opt/ros/jazzy/lib/x86_64-linux-gnu:/opt/ros/jazzy/opt/gz_gui_vendor/lib:/opt/ros/jazzy/opt/gz_transport_vendor/lib:/opt/ros/jazzy/opt/gz_rendering_vendor/lib:/opt/ros/jazzy/opt/gz_plugin_vendor/lib:/opt/ros/jazzy/opt/gz_fuel_tools_vendor/lib:/opt/ros/jazzy/opt/gz_msgs_vendor/lib:/opt/ros/jazzy/opt/gz_common_vendor/lib:/opt/ros/jazzy/opt/gz_math_vendor/lib:/opt/ros/jazzy/opt/gz_utils_vendor/lib:/opt/ros/jazzy/opt/gz_tools_vendor/lib:/opt/ros/jazzy/opt/gz_ogre_next_vendor/lib:/opt/ros/jazzy/opt/gz_dartsim_vendor/lib:/opt/ros/jazzy/opt/gz_cmake_vendor/lib:/opt/ros/jazzy/lib:/lib64 PYTHONPATH=/home/moveright/omx_ws/build/open_manipulator_bringup/prefix_override:/usr/lib/python3/dist-packages/colcon_core/task/python/colcon_distutils_commands:/home/moveright/omx_ws/install/open_manipulator_bringup/lib/python3.12/site-packages:/home/moveright/omx_ws/install/dynamixel_sdk/lib/python3.12/site-packages:/home/moveright/omx_ws/install/dynamixel_interfaces/lib/python3.12/site-packages:${PYTHONPATH} /usr/bin/python3 -W ignore:setup.py install is deprecated -W ignore:easy_install command is deprecated setup.py develop --editable --build-directory /home/moveright/omx_ws/build/open_manipulator_bringup/build --no-deps symlink_data
