[0.098s] Invoking command in '/home/moveright/omx_ws/build/dynamixel_sdk_examples': AMENT_PREFIX_PATH=/home/moveright/omx_ws/install/dynamixel_sdk_custom_interfaces:/home/moveright/omx_ws/install/dynamixel_sdk:${AMENT_PREFIX_PATH} CMAKE_PREFIX_PATH=/home/moveright/omx_ws/install/dynamixel_sdk_custom_interfaces:/home/moveright/omx_ws/install/dynamixel_sdk:/opt/ros/jazzy/opt/gz_launch_vendor:/opt/ros/jazzy/opt/gz_sim_vendor:/opt/ros/jazzy/opt/gz_sensors_vendor:/opt/ros/jazzy/opt/gz_physics_vendor:/opt/ros/jazzy/opt/sdformat_vendor:/opt/ros/jazzy/opt/gz_gui_vendor:/opt/ros/jazzy/opt/gz_transport_vendor:/opt/ros/jazzy/opt/gz_rendering_vendor:/opt/ros/jazzy/opt/gz_plugin_vendor:/opt/ros/jazzy/opt/gz_fuel_tools_vendor:/opt/ros/jazzy/opt/gz_msgs_vendor:/opt/ros/jazzy/opt/gz_common_vendor:/opt/ros/jazzy/opt/gz_math_vendor:/opt/ros/jazzy/opt/gz_utils_vendor:/opt/ros/jazzy/opt/gz_tools_vendor:/opt/ros/jazzy/opt/gz_ogre_next_vendor:/opt/ros/jazzy/opt/gz_dartsim_vendor:/opt/ros/jazzy/opt/gz_cmake_vendor:/opt/ros/jazzy LD_LIBRARY_PATH=/home/moveright/omx_ws/install/dynamixel_sdk_custom_interfaces/lib:/home/moveright/omx_ws/install/dynamixel_sdk/lib:/opt/ros/jazzy/opt/gz_launch_vendor/lib:/opt/ros/jazzy/opt/gz_sim_vendor/lib:/opt/ros/jazzy/opt/gz_sensors_vendor/lib:/opt/ros/jazzy/opt/gz_physics_vendor/lib:/opt/ros/jazzy/opt/sdformat_vendor/lib:/opt/ros/jazzy/opt/rviz_ogre_vendor/lib:/opt/ros/jazzy/lib/x86_64-linux-gnu:/opt/ros/jazzy/opt/gz_gui_vendor/lib:/opt/ros/jazzy/opt/gz_transport_vendor/lib:/opt/ros/jazzy/opt/gz_rendering_vendor/lib:/opt/ros/jazzy/opt/gz_plugin_vendor/lib:/opt/ros/jazzy/opt/gz_fuel_tools_vendor/lib:/opt/ros/jazzy/opt/gz_msgs_vendor/lib:/opt/ros/jazzy/opt/gz_common_vendor/lib:/opt/ros/jazzy/opt/gz_math_vendor/lib:/opt/ros/jazzy/opt/gz_utils_vendor/lib:/opt/ros/jazzy/opt/gz_tools_vendor/lib:/opt/ros/jazzy/opt/gz_ogre_next_vendor/lib:/opt/ros/jazzy/opt/gz_dartsim_vendor/lib:/opt/ros/jazzy/opt/gz_cmake_vendor/lib:/opt/ros/jazzy/lib:/lib64 PYTHONPATH=/home/moveright/omx_ws/install/dynamixel_sdk_custom_interfaces/lib/python3.12/site-packages:/home/moveright/omx_ws/install/dynamixel_sdk/lib/python3.12/site-packages:${PYTHONPATH} /bin/cmake /home/moveright/omx_ws/src/DynamixelSDK/ros/dynamixel_sdk_examples -DCMAKE_BUILD_TYPE=Release -DAMENT_CMAKE_SYMLINK_INSTALL=1 -DCMAKE_INSTALL_PREFIX=/home/moveright/omx_ws/install/dynamixel_sdk_examples
[6.401s] -- The C compiler identification is GNU 11.5.0
[6.412s] -- The CXX compiler identification is GNU 11.5.0
[6.412s] -- Detecting C compiler ABI info
[6.412s] -- Detecting C compiler ABI info - done
[6.412s] -- Check for working C compiler: /bin/cc - skipped
[6.412s] -- Detecting C compile features
[6.412s] -- Detecting C compile features - done
[6.412s] -- Detecting CXX compiler ABI info
[6.412s] -- Detecting CXX compiler ABI info - done
[6.412s] -- Check for working CXX compiler: /bin/c++ - skipped
[6.412s] -- Detecting CXX compile features
[6.413s] -- Detecting CXX compile features - done
[6.413s] -- Found ament_cmake: 2.5.6 (/opt/ros/jazzy/share/ament_cmake/cmake)
[6.413s] -- Found Python3: /bin/python3 (found version "3.12.3") found components: Interpreter 
[6.413s] -- Override CMake install command with custom implementation using symlinks instead of copying resources
[6.413s] -- Found dynamixel_sdk: 4.0.5 (/home/moveright/omx_ws/install/dynamixel_sdk/share/dynamixel_sdk/cmake)
[6.413s] -- Found dynamixel_sdk_custom_interfaces: 4.0.5 (/home/moveright/omx_ws/install/dynamixel_sdk_custom_interfaces/share/dynamixel_sdk_custom_interfaces/cmake)
[6.413s] -- Found rosidl_generator_c: 4.6.9 (/opt/ros/jazzy/share/rosidl_generator_c/cmake)
[6.413s] -- Found rosidl_generator_cpp: 4.6.9 (/opt/ros/jazzy/share/rosidl_generator_cpp/cmake)
[6.413s] -- Using all available rosidl_typesupport_c: rosidl_typesupport_fastrtps_c;rosidl_typesupport_introspection_c
[6.413s] -- Using all available rosidl_typesupport_cpp: rosidl_typesupport_fastrtps_cpp;rosidl_typesupport_introspection_cpp
[6.413s] -- Found rclcpp: 28.1.21 (/opt/ros/jazzy/share/rclcpp/cmake)
[6.413s] -- Found rmw_implementation_cmake: 7.3.3 (/opt/ros/jazzy/share/rmw_implementation_cmake/cmake)
[6.413s] -- Found rmw_fastrtps_cpp: 8.4.4 (/opt/ros/jazzy/share/rmw_fastrtps_cpp/cmake)
[6.414s] -- Found OpenSSL: /usr/lib/x86_64-linux-gnu/libcrypto.so (found version "3.0.13")  
[6.414s] -- Found FastRTPS: /opt/ros/jazzy/include (Required is at least version "2.13") 
[6.414s] -- Using RMW implementation 'rmw_fastrtps_cpp' as default
[6.414s] -- Found rclpy: 7.1.11 (/opt/ros/jazzy/share/rclpy/cmake)
[6.414s] -- Found ament_lint_auto: 0.17.5 (/opt/ros/jazzy/share/ament_lint_auto/cmake)
[6.414s] -- Added test 'copyright' to check source files copyright and LICENSE
[6.414s] -- Added test 'cppcheck' to perform static code analysis on C / C++ code
[6.414s] -- Configured cppcheck include dirs: /home/moveright/omx_ws/src/DynamixelSDK/ros/dynamixel_sdk_examples/include
[6.414s] -- Configured cppcheck exclude dirs and/or files: 
[6.414s] -- Added test 'cpplint' to check C / C++ code against the Google style
[6.414s] -- Configured cpplint exclude dirs and/or files: 
[6.414s] -- Added test 'flake8' to check Python code syntax and style conventions
[6.414s] -- Configured 'flake8' exclude dirs and/or files: 
[6.414s] -- Added test 'lint_cmake' to check CMake code style
[6.414s] -- Added test 'pep257' to check Python code against some of the docstring style conventions in PEP 257
[6.415s] -- Added test 'uncrustify' to check C / C++ code style
[6.415s] -- Configured uncrustify additional arguments: 
[6.415s] -- Added test 'xmllint' to check XML markup files
[6.415s] -- Configuring done (4.7s)
[6.415s] -- Generating done (0.0s)
[6.415s] -- Build files have been written to: /home/moveright/omx_ws/build/dynamixel_sdk_examples
[6.415s] Invoked command in '/home/moveright/omx_ws/build/dynamixel_sdk_examples' returned '0': AMENT_PREFIX_PATH=/home/moveright/omx_ws/install/dynamixel_sdk_custom_interfaces:/home/moveright/omx_ws/install/dynamixel_sdk:${AMENT_PREFIX_PATH} CMAKE_PREFIX_PATH=/home/moveright/omx_ws/install/dynamixel_sdk_custom_interfaces:/home/moveright/omx_ws/install/dynamixel_sdk:/opt/ros/jazzy/opt/gz_launch_vendor:/opt/ros/jazzy/opt/gz_sim_vendor:/opt/ros/jazzy/opt/gz_sensors_vendor:/opt/ros/jazzy/opt/gz_physics_vendor:/opt/ros/jazzy/opt/sdformat_vendor:/opt/ros/jazzy/opt/gz_gui_vendor:/opt/ros/jazzy/opt/gz_transport_vendor:/opt/ros/jazzy/opt/gz_rendering_vendor:/opt/ros/jazzy/opt/gz_plugin_vendor:/opt/ros/jazzy/opt/gz_fuel_tools_vendor:/opt/ros/jazzy/opt/gz_msgs_vendor:/opt/ros/jazzy/opt/gz_common_vendor:/opt/ros/jazzy/opt/gz_math_vendor:/opt/ros/jazzy/opt/gz_utils_vendor:/opt/ros/jazzy/opt/gz_tools_vendor:/opt/ros/jazzy/opt/gz_ogre_next_vendor:/opt/ros/jazzy/opt/gz_dartsim_vendor:/opt/ros/jazzy/opt/gz_cmake_vendor:/opt/ros/jazzy LD_LIBRARY_PATH=/home/moveright/omx_ws/install/dynamixel_sdk_custom_interfaces/lib:/home/moveright/omx_ws/install/dynamixel_sdk/lib:/opt/ros/jazzy/opt/gz_launch_vendor/lib:/opt/ros/jazzy/opt/gz_sim_vendor/lib:/opt/ros/jazzy/opt/gz_sensors_vendor/lib:/opt/ros/jazzy/opt/gz_physics_vendor/lib:/opt/ros/jazzy/opt/sdformat_vendor/lib:/opt/ros/jazzy/opt/rviz_ogre_vendor/lib:/opt/ros/jazzy/lib/x86_64-linux-gnu:/opt/ros/jazzy/opt/gz_gui_vendor/lib:/opt/ros/jazzy/opt/gz_transport_vendor/lib:/opt/ros/jazzy/opt/gz_rendering_vendor/lib:/opt/ros/jazzy/opt/gz_plugin_vendor/lib:/opt/ros/jazzy/opt/gz_fuel_tools_vendor/lib:/opt/ros/jazzy/opt/gz_msgs_vendor/lib:/opt/ros/jazzy/opt/gz_common_vendor/lib:/opt/ros/jazzy/opt/gz_math_vendor/lib:/opt/ros/jazzy/opt/gz_utils_vendor/lib:/opt/ros/jazzy/opt/gz_tools_vendor/lib:/opt/ros/jazzy/opt/gz_ogre_next_vendor/lib:/opt/ros/jazzy/opt/gz_dartsim_vendor/lib:/opt/ros/jazzy/opt/gz_cmake_vendor/lib:/opt/ros/jazzy/lib:/lib64 PYTHONPATH=/home/moveright/omx_ws/install/dynamixel_sdk_custom_interfaces/lib/python3.12/site-packages:/home/moveright/omx_ws/install/dynamixel_sdk/lib/python3.12/site-packages:${PYTHONPATH} /bin/cmake /home/moveright/omx_ws/src/DynamixelSDK/ros/dynamixel_sdk_examples -DCMAKE_BUILD_TYPE=Release -DAMENT_CMAKE_SYMLINK_INSTALL=1 -DCMAKE_INSTALL_PREFIX=/home/moveright/omx_ws/install/dynamixel_sdk_examples
[6.416s] Invoking command in '/home/moveright/omx_ws/build/dynamixel_sdk_examples': AMENT_PREFIX_PATH=/home/moveright/omx_ws/install/dynamixel_sdk_custom_interfaces:/home/moveright/omx_ws/install/dynamixel_sdk:${AMENT_PREFIX_PATH} CMAKE_PREFIX_PATH=/home/moveright/omx_ws/install/dynamixel_sdk_custom_interfaces:/home/moveright/omx_ws/install/dynamixel_sdk:/opt/ros/jazzy/opt/gz_launch_vendor:/opt/ros/jazzy/opt/gz_sim_vendor:/opt/ros/jazzy/opt/gz_sensors_vendor:/opt/ros/jazzy/opt/gz_physics_vendor:/opt/ros/jazzy/opt/sdformat_vendor:/opt/ros/jazzy/opt/gz_gui_vendor:/opt/ros/jazzy/opt/gz_transport_vendor:/opt/ros/jazzy/opt/gz_rendering_vendor:/opt/ros/jazzy/opt/gz_plugin_vendor:/opt/ros/jazzy/opt/gz_fuel_tools_vendor:/opt/ros/jazzy/opt/gz_msgs_vendor:/opt/ros/jazzy/opt/gz_common_vendor:/opt/ros/jazzy/opt/gz_math_vendor:/opt/ros/jazzy/opt/gz_utils_vendor:/opt/ros/jazzy/opt/gz_tools_vendor:/opt/ros/jazzy/opt/gz_ogre_next_vendor:/opt/ros/jazzy/opt/gz_dartsim_vendor:/opt/ros/jazzy/opt/gz_cmake_vendor:/opt/ros/jazzy LD_LIBRARY_PATH=/home/moveright/omx_ws/install/dynamixel_sdk_custom_interfaces/lib:/home/moveright/omx_ws/install/dynamixel_sdk/lib:/opt/ros/jazzy/opt/gz_launch_vendor/lib:/opt/ros/jazzy/opt/gz_sim_vendor/lib:/opt/ros/jazzy/opt/gz_sensors_vendor/lib:/opt/ros/jazzy/opt/gz_physics_vendor/lib:/opt/ros/jazzy/opt/sdformat_vendor/lib:/opt/ros/jazzy/opt/rviz_ogre_vendor/lib:/opt/ros/jazzy/lib/x86_64-linux-gnu:/opt/ros/jazzy/opt/gz_gui_vendor/lib:/opt/ros/jazzy/opt/gz_transport_vendor/lib:/opt/ros/jazzy/opt/gz_rendering_vendor/lib:/opt/ros/jazzy/opt/gz_plugin_vendor/lib:/opt/ros/jazzy/opt/gz_fuel_tools_vendor/lib:/opt/ros/jazzy/opt/gz_msgs_vendor/lib:/opt/ros/jazzy/opt/gz_common_vendor/lib:/opt/ros/jazzy/opt/gz_math_vendor/lib:/opt/ros/jazzy/opt/gz_utils_vendor/lib:/opt/ros/jazzy/opt/gz_tools_vendor/lib:/opt/ros/jazzy/opt/gz_ogre_next_vendor/lib:/opt/ros/jazzy/opt/gz_dartsim_vendor/lib:/opt/ros/jazzy/opt/gz_cmake_vendor/lib:/opt/ros/jazzy/lib:/lib64 PYTHONPATH=/home/moveright/omx_ws/install/dynamixel_sdk_custom_interfaces/lib/python3.12/site-packages:/home/moveright/omx_ws/install/dynamixel_sdk/lib/python3.12/site-packages:${PYTHONPATH} /bin/cmake --build /home/moveright/omx_ws/build/dynamixel_sdk_examples -- -j8 -l8
[6.704s] [ 50%] [32mBuilding CXX object CMakeFiles/read_write_node.dir/src/read_write_node.cpp.o[0m
[24.803s] [100%] [32m[1mLinking CXX executable read_write_node[0m
[25.109s] [100%] Built target read_write_node
[25.298s] Invoked command in '/home/moveright/omx_ws/build/dynamixel_sdk_examples' returned '0': AMENT_PREFIX_PATH=/home/moveright/omx_ws/install/dynamixel_sdk_custom_interfaces:/home/moveright/omx_ws/install/dynamixel_sdk:${AMENT_PREFIX_PATH} CMAKE_PREFIX_PATH=/home/moveright/omx_ws/install/dynamixel_sdk_custom_interfaces:/home/moveright/omx_ws/install/dynamixel_sdk:/opt/ros/jazzy/opt/gz_launch_vendor:/opt/ros/jazzy/opt/gz_sim_vendor:/opt/ros/jazzy/opt/gz_sensors_vendor:/opt/ros/jazzy/opt/gz_physics_vendor:/opt/ros/jazzy/opt/sdformat_vendor:/opt/ros/jazzy/opt/gz_gui_vendor:/opt/ros/jazzy/opt/gz_transport_vendor:/opt/ros/jazzy/opt/gz_rendering_vendor:/opt/ros/jazzy/opt/gz_plugin_vendor:/opt/ros/jazzy/opt/gz_fuel_tools_vendor:/opt/ros/jazzy/opt/gz_msgs_vendor:/opt/ros/jazzy/opt/gz_common_vendor:/opt/ros/jazzy/opt/gz_math_vendor:/opt/ros/jazzy/opt/gz_utils_vendor:/opt/ros/jazzy/opt/gz_tools_vendor:/opt/ros/jazzy/opt/gz_ogre_next_vendor:/opt/ros/jazzy/opt/gz_dartsim_vendor:/opt/ros/jazzy/opt/gz_cmake_vendor:/opt/ros/jazzy LD_LIBRARY_PATH=/home/moveright/omx_ws/install/dynamixel_sdk_custom_interfaces/lib:/home/moveright/omx_ws/install/dynamixel_sdk/lib:/opt/ros/jazzy/opt/gz_launch_vendor/lib:/opt/ros/jazzy/opt/gz_sim_vendor/lib:/opt/ros/jazzy/opt/gz_sensors_vendor/lib:/opt/ros/jazzy/opt/gz_physics_vendor/lib:/opt/ros/jazzy/opt/sdformat_vendor/lib:/opt/ros/jazzy/opt/rviz_ogre_vendor/lib:/opt/ros/jazzy/lib/x86_64-linux-gnu:/opt/ros/jazzy/opt/gz_gui_vendor/lib:/opt/ros/jazzy/opt/gz_transport_vendor/lib:/opt/ros/jazzy/opt/gz_rendering_vendor/lib:/opt/ros/jazzy/opt/gz_plugin_vendor/lib:/opt/ros/jazzy/opt/gz_fuel_tools_vendor/lib:/opt/ros/jazzy/opt/gz_msgs_vendor/lib:/opt/ros/jazzy/opt/gz_common_vendor/lib:/opt/ros/jazzy/opt/gz_math_vendor/lib:/opt/ros/jazzy/opt/gz_utils_vendor/lib:/opt/ros/jazzy/opt/gz_tools_vendor/lib:/opt/ros/jazzy/opt/gz_ogre_next_vendor/lib:/opt/ros/jazzy/opt/gz_dartsim_vendor/lib:/opt/ros/jazzy/opt/gz_cmake_vendor/lib:/opt/ros/jazzy/lib:/lib64 PYTHONPATH=/home/moveright/omx_ws/install/dynamixel_sdk_custom_interfaces/lib/python3.12/site-packages:/home/moveright/omx_ws/install/dynamixel_sdk/lib/python3.12/site-packages:${PYTHONPATH} /bin/cmake --build /home/moveright/omx_ws/build/dynamixel_sdk_examples -- -j8 -l8
[25.335s] Invoking command in '/home/moveright/omx_ws/build/dynamixel_sdk_examples': AMENT_PREFIX_PATH=/home/moveright/omx_ws/install/dynamixel_sdk_custom_interfaces:/home/moveright/omx_ws/install/dynamixel_sdk:${AMENT_PREFIX_PATH} CMAKE_PREFIX_PATH=/home/moveright/omx_ws/install/dynamixel_sdk_custom_interfaces:/home/moveright/omx_ws/install/dynamixel_sdk:/opt/ros/jazzy/opt/gz_launch_vendor:/opt/ros/jazzy/opt/gz_sim_vendor:/opt/ros/jazzy/opt/gz_sensors_vendor:/opt/ros/jazzy/opt/gz_physics_vendor:/opt/ros/jazzy/opt/sdformat_vendor:/opt/ros/jazzy/opt/gz_gui_vendor:/opt/ros/jazzy/opt/gz_transport_vendor:/opt/ros/jazzy/opt/gz_rendering_vendor:/opt/ros/jazzy/opt/gz_plugin_vendor:/opt/ros/jazzy/opt/gz_fuel_tools_vendor:/opt/ros/jazzy/opt/gz_msgs_vendor:/opt/ros/jazzy/opt/gz_common_vendor:/opt/ros/jazzy/opt/gz_math_vendor:/opt/ros/jazzy/opt/gz_utils_vendor:/opt/ros/jazzy/opt/gz_tools_vendor:/opt/ros/jazzy/opt/gz_ogre_next_vendor:/opt/ros/jazzy/opt/gz_dartsim_vendor:/opt/ros/jazzy/opt/gz_cmake_vendor:/opt/ros/jazzy LD_LIBRARY_PATH=/home/moveright/omx_ws/install/dynamixel_sdk_custom_interfaces/lib:/home/moveright/omx_ws/install/dynamixel_sdk/lib:/opt/ros/jazzy/opt/gz_launch_vendor/lib:/opt/ros/jazzy/opt/gz_sim_vendor/lib:/opt/ros/jazzy/opt/gz_sensors_vendor/lib:/opt/ros/jazzy/opt/gz_physics_vendor/lib:/opt/ros/jazzy/opt/sdformat_vendor/lib:/opt/ros/jazzy/opt/rviz_ogre_vendor/lib:/opt/ros/jazzy/lib/x86_64-linux-gnu:/opt/ros/jazzy/opt/gz_gui_vendor/lib:/opt/ros/jazzy/opt/gz_transport_vendor/lib:/opt/ros/jazzy/opt/gz_rendering_vendor/lib:/opt/ros/jazzy/opt/gz_plugin_vendor/lib:/opt/ros/jazzy/opt/gz_fuel_tools_vendor/lib:/opt/ros/jazzy/opt/gz_msgs_vendor/lib:/opt/ros/jazzy/opt/gz_common_vendor/lib:/opt/ros/jazzy/opt/gz_math_vendor/lib:/opt/ros/jazzy/opt/gz_utils_vendor/lib:/opt/ros/jazzy/opt/gz_tools_vendor/lib:/opt/ros/jazzy/opt/gz_ogre_next_vendor/lib:/opt/ros/jazzy/opt/gz_dartsim_vendor/lib:/opt/ros/jazzy/opt/gz_cmake_vendor/lib:/opt/ros/jazzy/lib:/lib64 PYTHONPATH=/home/moveright/omx_ws/install/dynamixel_sdk_custom_interfaces/lib/python3.12/site-packages:/home/moveright/omx_ws/install/dynamixel_sdk/lib/python3.12/site-packages:${PYTHONPATH} /bin/cmake --install /home/moveright/omx_ws/build/dynamixel_sdk_examples
[29.701s] -- Install configuration: "Release"
[29.701s] -- Execute custom install script
[29.701s] -- Symlinking: /home/moveright/omx_ws/install/dynamixel_sdk_examples/lib/dynamixel_sdk_examples/read_write_node
[29.702s] -- Symlinking: /home/moveright/omx_ws/install/dynamixel_sdk_examples/lib/dynamixel_sdk_examples/read_write_node.py
[29.702s] -- Symlinking: /home/moveright/omx_ws/install/dynamixel_sdk_examples/share/ament_index/resource_index/package_run_dependencies/dynamixel_sdk_examples
[29.702s] -- Symlinking: /home/moveright/omx_ws/install/dynamixel_sdk_examples/share/ament_index/resource_index/parent_prefix_path/dynamixel_sdk_examples
[29.702s] -- Symlinking: /home/moveright/omx_ws/install/dynamixel_sdk_examples/share/dynamixel_sdk_examples/environment/ament_prefix_path.sh
[29.702s] -- Symlinking: /home/moveright/omx_ws/install/dynamixel_sdk_examples/share/dynamixel_sdk_examples/environment/ament_prefix_path.dsv
[29.702s] -- Symlinking: /home/moveright/omx_ws/install/dynamixel_sdk_examples/share/dynamixel_sdk_examples/environment/path.sh
[29.702s] -- Symlinking: /home/moveright/omx_ws/install/dynamixel_sdk_examples/share/dynamixel_sdk_examples/environment/path.dsv
[29.702s] -- Symlinking: /home/moveright/omx_ws/install/dynamixel_sdk_examples/share/dynamixel_sdk_examples/local_setup.bash
[29.702s] -- Symlinking: /home/moveright/omx_ws/install/dynamixel_sdk_examples/share/dynamixel_sdk_examples/local_setup.sh
[29.702s] -- Symlinking: /home/moveright/omx_ws/install/dynamixel_sdk_examples/share/dynamixel_sdk_examples/local_setup.zsh
[29.702s] -- Symlinking: /home/moveright/omx_ws/install/dynamixel_sdk_examples/share/dynamixel_sdk_examples/local_setup.dsv
[29.702s] -- Symlinking: /home/moveright/omx_ws/install/dynamixel_sdk_examples/share/dynamixel_sdk_examples/package.dsv
[29.702s] -- Symlinking: /home/moveright/omx_ws/install/dynamixel_sdk_examples/share/ament_index/resource_index/packages/dynamixel_sdk_examples
[29.702s] -- Symlinking: /home/moveright/omx_ws/install/dynamixel_sdk_examples/share/dynamixel_sdk_examples/cmake/dynamixel_sdk_examplesConfig.cmake
[29.702s] -- Symlinking: /home/moveright/omx_ws/install/dynamixel_sdk_examples/share/dynamixel_sdk_examples/cmake/dynamixel_sdk_examplesConfig-version.cmake
[29.703s] -- Symlinking: /home/moveright/omx_ws/install/dynamixel_sdk_examples/share/dynamixel_sdk_examples/package.xml
[29.738s] Invoked command in '/home/moveright/omx_ws/build/dynamixel_sdk_examples' returned '0': AMENT_PREFIX_PATH=/home/moveright/omx_ws/install/dynamixel_sdk_custom_interfaces:/home/moveright/omx_ws/install/dynamixel_sdk:${AMENT_PREFIX_PATH} CMAKE_PREFIX_PATH=/home/moveright/omx_ws/install/dynamixel_sdk_custom_interfaces:/home/moveright/omx_ws/install/dynamixel_sdk:/opt/ros/jazzy/opt/gz_launch_vendor:/opt/ros/jazzy/opt/gz_sim_vendor:/opt/ros/jazzy/opt/gz_sensors_vendor:/opt/ros/jazzy/opt/gz_physics_vendor:/opt/ros/jazzy/opt/sdformat_vendor:/opt/ros/jazzy/opt/gz_gui_vendor:/opt/ros/jazzy/opt/gz_transport_vendor:/opt/ros/jazzy/opt/gz_rendering_vendor:/opt/ros/jazzy/opt/gz_plugin_vendor:/opt/ros/jazzy/opt/gz_fuel_tools_vendor:/opt/ros/jazzy/opt/gz_msgs_vendor:/opt/ros/jazzy/opt/gz_common_vendor:/opt/ros/jazzy/opt/gz_math_vendor:/opt/ros/jazzy/opt/gz_utils_vendor:/opt/ros/jazzy/opt/gz_tools_vendor:/opt/ros/jazzy/opt/gz_ogre_next_vendor:/opt/ros/jazzy/opt/gz_dartsim_vendor:/opt/ros/jazzy/opt/gz_cmake_vendor:/opt/ros/jazzy LD_LIBRARY_PATH=/home/moveright/omx_ws/install/dynamixel_sdk_custom_interfaces/lib:/home/moveright/omx_ws/install/dynamixel_sdk/lib:/opt/ros/jazzy/opt/gz_launch_vendor/lib:/opt/ros/jazzy/opt/gz_sim_vendor/lib:/opt/ros/jazzy/opt/gz_sensors_vendor/lib:/opt/ros/jazzy/opt/gz_physics_vendor/lib:/opt/ros/jazzy/opt/sdformat_vendor/lib:/opt/ros/jazzy/opt/rviz_ogre_vendor/lib:/opt/ros/jazzy/lib/x86_64-linux-gnu:/opt/ros/jazzy/opt/gz_gui_vendor/lib:/opt/ros/jazzy/opt/gz_transport_vendor/lib:/opt/ros/jazzy/opt/gz_rendering_vendor/lib:/opt/ros/jazzy/opt/gz_plugin_vendor/lib:/opt/ros/jazzy/opt/gz_fuel_tools_vendor/lib:/opt/ros/jazzy/opt/gz_msgs_vendor/lib:/opt/ros/jazzy/opt/gz_common_vendor/lib:/opt/ros/jazzy/opt/gz_math_vendor/lib:/opt/ros/jazzy/opt/gz_utils_vendor/lib:/opt/ros/jazzy/opt/gz_tools_vendor/lib:/opt/ros/jazzy/opt/gz_ogre_next_vendor/lib:/opt/ros/jazzy/opt/gz_dartsim_vendor/lib:/opt/ros/jazzy/opt/gz_cmake_vendor/lib:/opt/ros/jazzy/lib:/lib64 PYTHONPATH=/home/moveright/omx_ws/install/dynamixel_sdk_custom_interfaces/lib/python3.12/site-packages:/home/moveright/omx_ws/install/dynamixel_sdk/lib/python3.12/site-packages:${PYTHONPATH} /bin/cmake --install /home/moveright/omx_ws/build/dynamixel_sdk_examples
