[0.034s] Invoking command in '/home/moveright/omx_ws/build/dynamixel_interfaces': CMAKE_PREFIX_PATH=${CMAKE_PREFIX_PATH}:/opt/ros/jazzy /bin/cmake /home/moveright/omx_ws/src/dynamixel_interfaces -DCMAKE_BUILD_TYPE=Release -DAMENT_CMAKE_SYMLINK_INSTALL=1 -DCMAKE_INSTALL_PREFIX=/home/moveright/omx_ws/install/dynamixel_interfaces
[0.216s] -- The C compiler identification is GNU 11.5.0
[0.288s] -- The CXX compiler identification is GNU 11.5.0
[0.312s] -- Detecting C compiler ABI info
[0.453s] -- Detecting C compiler ABI info - done
[0.466s] -- Check for working C compiler: /bin/cc - skipped
[0.466s] -- Detecting C compile features
[0.467s] -- Detecting C compile features - done
[0.481s] -- Detecting CXX compiler ABI info
[0.650s] -- Detecting CXX compiler ABI info - done
[0.652s] -- Check for working CXX compiler: /bin/c++ - skipped
[0.653s] -- Detecting CXX compile features
[0.654s] -- Detecting CXX compile features - done
[0.662s] -- Found ament_cmake: 2.5.6 (/opt/ros/jazzy/share/ament_cmake/cmake)
[0.870s] -- Found Python3: /bin/python3 (found version "3.12.3") found components: Interpreter 
[0.959s] -- Override CMake install command with custom implementation using symlinks instead of copying resources
[1.039s] -- Found std_msgs: 5.3.8 (/opt/ros/jazzy/share/std_msgs/cmake)
[1.114s] -- Found rosidl_generator_c: 4.6.9 (/opt/ros/jazzy/share/rosidl_generator_c/cmake)
[1.143s] -- Found rosidl_generator_cpp: 4.6.9 (/opt/ros/jazzy/share/rosidl_generator_cpp/cmake)
[1.175s] -- Using all available rosidl_typesupport_c: rosidl_typesupport_fastrtps_c;rosidl_typesupport_introspection_c
[1.210s] -- Using all available rosidl_typesupport_cpp: rosidl_typesupport_fastrtps_cpp;rosidl_typesupport_introspection_cpp
[1.268s] -- Found geometry_msgs: 5.3.8 (/opt/ros/jazzy/share/geometry_msgs/cmake)
[1.291s] -- Found rosidl_default_generators: 1.6.1 (/opt/ros/jazzy/share/rosidl_default_generators/cmake)
[1.326s] -- Found rosidl_adapter: 4.6.9 (/opt/ros/jazzy/share/rosidl_adapter/cmake)
[3.131s] -- Found ament_cmake_ros: 0.12.1 (/opt/ros/jazzy/share/ament_cmake_ros/cmake)
[4.835s] -- Using all available rosidl_typesupport_c: rosidl_typesupport_fastrtps_c;rosidl_typesupport_introspection_c
[5.270s] -- Using all available rosidl_typesupport_cpp: rosidl_typesupport_fastrtps_cpp;rosidl_typesupport_introspection_cpp
[5.274s] -- Found python_cmake_module: 0.11.1 (/opt/ros/jazzy/share/python_cmake_module/cmake)
[5.435s] -- Found PythonExtra: /bin/python3  
[5.982s] -- Found Python3: /bin/python3 (found version "3.12.3") found components: Interpreter Development NumPy Development.Module Development.Embed 
[6.134s] -- Found Python3: /bin/python3 (found version "3.12.3") found components: Interpreter 
[6.151s] -- Found ament_lint_auto: 0.17.5 (/opt/ros/jazzy/share/ament_lint_auto/cmake)
[6.315s] -- Added test 'copyright' to check source files copyright and LICENSE
[6.342s] -- Added test 'lint_cmake' to check CMake code style
[6.358s] -- Added test 'xmllint' to check XML markup files
[6.379s] -- Configuring done (6.3s)
[6.608s] -- Generating done (0.2s)
[6.659s] -- Build files have been written to: /home/moveright/omx_ws/build/dynamixel_interfaces
[6.711s] Invoked command in '/home/moveright/omx_ws/build/dynamixel_interfaces' returned '0': CMAKE_PREFIX_PATH=${CMAKE_PREFIX_PATH}:/opt/ros/jazzy /bin/cmake /home/moveright/omx_ws/src/dynamixel_interfaces -DCMAKE_BUILD_TYPE=Release -DAMENT_CMAKE_SYMLINK_INSTALL=1 -DCMAKE_INSTALL_PREFIX=/home/moveright/omx_ws/install/dynamixel_interfaces
[6.712s] Invoking command in '/home/moveright/omx_ws/build/dynamixel_interfaces': CMAKE_PREFIX_PATH=${CMAKE_PREFIX_PATH}:/opt/ros/jazzy /bin/cmake --build /home/moveright/omx_ws/build/dynamixel_interfaces -- -j8 -l8
[13.007s] [  1%] [34m[1mGenerating type hashes for ROS interfaces[0m
[13.007s] [  3%] [34m[1mGenerating Rust code for ROS interfaces[0m
[13.007s] [  3%] Built target ament_cmake_python_symlink_dynamixel_interfaces
[13.007s] running egg_info
[13.008s] creating dynamixel_interfaces.egg-info
[13.008s] writing dynamixel_interfaces.egg-info/PKG-INFO
[13.008s] writing dependency_links to dynamixel_interfaces.egg-info/dependency_links.txt
[13.008s] writing top-level names to dynamixel_interfaces.egg-info/top_level.txt
[13.008s] writing manifest file 'dynamixel_interfaces.egg-info/SOURCES.txt'
[13.008s] [  3%] Built target dynamixel_interfaces__rs
[13.008s] reading manifest file 'dynamixel_interfaces.egg-info/SOURCES.txt'
[13.008s] writing manifest file 'dynamixel_interfaces.egg-info/SOURCES.txt'
[13.008s] [  3%] Built target ament_cmake_python_build_dynamixel_interfaces_egg
[13.008s] [  3%] Built target dynamixel_interfaces__rosidl_generator_type_description
[13.008s] [  4%] [34m[1mGenerating C code for ROS interfaces[0m
[13.008s] [  6%] [34m[1mGenerating C++ code for ROS interfaces[0m
[13.009s] [  6%] Built target dynamixel_interfaces__cpp
[13.009s] [  7%] [32mBuilding C object CMakeFiles/dynamixel_interfaces__rosidl_generator_c.dir/rosidl_generator_c/dynamixel_interfaces/msg/detail/dynamixel_state__description.c.o[0m
[13.009s] [  9%] [32mBuilding C object CMakeFiles/dynamixel_interfaces__rosidl_generator_c.dir/rosidl_generator_c/dynamixel_interfaces/msg/detail/dynamixel_state__type_support.c.o[0m
[13.009s] [ 12%] [32mBuilding C object CMakeFiles/dynamixel_interfaces__rosidl_generator_c.dir/rosidl_generator_c/dynamixel_interfaces/srv/detail/get_data_from_dxl__functions.c.o[0m
[13.009s] [ 13%] [32mBuilding C object CMakeFiles/dynamixel_interfaces__rosidl_generator_c.dir/rosidl_generator_c/dynamixel_interfaces/srv/detail/get_data_from_dxl__type_support.c.o[0m
[13.009s] [ 15%] [32mBuilding C object CMakeFiles/dynamixel_interfaces__rosidl_generator_c.dir/rosidl_generator_c/dynamixel_interfaces/srv/detail/get_data_from_dxl__description.c.o[0m
[13.010s] [ 15%] [32mBuilding C object CMakeFiles/dynamixel_interfaces__rosidl_generator_c.dir/rosidl_generator_c/dynamixel_interfaces/msg/detail/dynamixel_state__functions.c.o[0m
[13.010s] [ 16%] [32mBuilding C object CMakeFiles/dynamixel_interfaces__rosidl_generator_c.dir/rosidl_generator_c/dynamixel_interfaces/srv/detail/set_data_to_dxl__functions.c.o[0m
[13.010s] [ 18%] [32mBuilding C object CMakeFiles/dynamixel_interfaces__rosidl_generator_c.dir/rosidl_generator_c/dynamixel_interfaces/srv/detail/set_data_to_dxl__description.c.o[0m
[13.010s] [ 20%] [32mBuilding C object CMakeFiles/dynamixel_interfaces__rosidl_generator_c.dir/rosidl_generator_c/dynamixel_interfaces/srv/detail/set_data_to_dxl__type_support.c.o[0m
[13.010s] [ 21%] [32mBuilding C object CMakeFiles/dynamixel_interfaces__rosidl_generator_c.dir/rosidl_generator_c/dynamixel_interfaces/srv/detail/reboot_dxl__description.c.o[0m
[13.010s] [ 23%] [32mBuilding C object CMakeFiles/dynamixel_interfaces__rosidl_generator_c.dir/rosidl_generator_c/dynamixel_interfaces/srv/detail/reboot_dxl__functions.c.o[0m
[13.010s] [ 24%] [32mBuilding C object CMakeFiles/dynamixel_interfaces__rosidl_generator_c.dir/rosidl_generator_c/dynamixel_interfaces/srv/detail/reboot_dxl__type_support.c.o[0m
[13.010s] [ 26%] [32m[1mLinking C shared library libdynamixel_interfaces__rosidl_generator_c.so[0m
[13.010s] [ 26%] Built target dynamixel_interfaces__rosidl_generator_c
[13.010s] [ 27%] [34m[1mGenerating C type support dispatch for ROS interfaces[0m
[13.010s] [ 29%] [34m[1mGenerating C++ type support for eProsima Fast-RTPS[0m
[13.011s] [ 30%] [34m[1mGenerating C type support for eProsima Fast-RTPS[0m
[13.011s] [ 33%] [34m[1mGenerating C++ introspection for ROS interfaces[0m
[13.011s] [ 33%] [34m[1mGenerating C introspection for ROS interfaces[0m
[13.011s] [ 35%] [34m[1mGenerating C++ type support dispatch for ROS interfaces[0m
[13.011s] [ 36%] [32mBuilding CXX object CMakeFiles/dynamixel_interfaces__rosidl_typesupport_c.dir/rosidl_typesupport_c/dynamixel_interfaces/msg/dynamixel_state__type_support.cpp.o[0m
[13.011s] [ 38%] [32mBuilding CXX object CMakeFiles/dynamixel_interfaces__rosidl_typesupport_introspection_cpp.dir/rosidl_typesupport_introspection_cpp/dynamixel_interfaces/msg/detail/dynamixel_state__type_support.cpp.o[0m
[13.011s] [ 40%] [32mBuilding CXX object CMakeFiles/dynamixel_interfaces__rosidl_typesupport_c.dir/rosidl_typesupport_c/dynamixel_interfaces/srv/get_data_from_dxl__type_support.cpp.o[0m
[13.011s] [ 41%] [32mBuilding CXX object CMakeFiles/dynamixel_interfaces__rosidl_typesupport_cpp.dir/rosidl_typesupport_cpp/dynamixel_interfaces/msg/dynamixel_state__type_support.cpp.o[0m
[13.012s] [ 43%] [32mBuilding CXX object CMakeFiles/dynamixel_interfaces__rosidl_typesupport_c.dir/rosidl_typesupport_c/dynamixel_interfaces/srv/set_data_to_dxl__type_support.cpp.o[0m
[13.012s] [ 44%] [32mBuilding CXX object CMakeFiles/dynamixel_interfaces__rosidl_typesupport_introspection_cpp.dir/rosidl_typesupport_introspection_cpp/dynamixel_interfaces/srv/detail/get_data_from_dxl__type_support.cpp.o[0m
[13.012s] [ 46%] [32mBuilding C object CMakeFiles/dynamixel_interfaces__rosidl_typesupport_introspection_c.dir/rosidl_typesupport_introspection_c/dynamixel_interfaces/msg/detail/dynamixel_state__type_support.c.o[0m
[13.012s] [ 47%] [32mBuilding CXX object CMakeFiles/dynamixel_interfaces__rosidl_typesupport_fastrtps_cpp.dir/rosidl_typesupport_fastrtps_cpp/dynamixel_interfaces/msg/detail/dds_fastrtps/dynamixel_state__type_support.cpp.o[0m
[13.012s] [ 49%] [32mBuilding CXX object CMakeFiles/dynamixel_interfaces__rosidl_typesupport_fastrtps_cpp.dir/rosidl_typesupport_fastrtps_cpp/dynamixel_interfaces/srv/detail/dds_fastrtps/get_data_from_dxl__type_support.cpp.o[0m
[13.012s] [ 50%] [32mBuilding C object CMakeFiles/dynamixel_interfaces__rosidl_typesupport_introspection_c.dir/rosidl_typesupport_introspection_c/dynamixel_interfaces/srv/detail/get_data_from_dxl__type_support.c.o[0m
[13.012s] [ 52%] [32mBuilding CXX object CMakeFiles/dynamixel_interfaces__rosidl_typesupport_c.dir/rosidl_typesupport_c/dynamixel_interfaces/srv/reboot_dxl__type_support.cpp.o[0m
[13.012s] [ 53%] [32mBuilding C object CMakeFiles/dynamixel_interfaces__rosidl_typesupport_introspection_c.dir/rosidl_typesupport_introspection_c/dynamixel_interfaces/srv/detail/set_data_to_dxl__type_support.c.o[0m
[13.013s] [ 55%] [32m[1mLinking CXX shared library libdynamixel_interfaces__rosidl_typesupport_c.so[0m
[13.013s] [ 56%] [32mBuilding CXX object CMakeFiles/dynamixel_interfaces__rosidl_typesupport_fastrtps_c.dir/rosidl_typesupport_fastrtps_c/dynamixel_interfaces/msg/detail/dynamixel_state__type_support_c.cpp.o[0m
[13.013s] [ 58%] [32mBuilding C object CMakeFiles/dynamixel_interfaces__rosidl_typesupport_introspection_c.dir/rosidl_typesupport_introspection_c/dynamixel_interfaces/srv/detail/reboot_dxl__type_support.c.o[0m
[13.013s] [ 58%] Built target dynamixel_interfaces__rosidl_typesupport_c
[13.013s] [ 60%] [32mBuilding CXX object CMakeFiles/dynamixel_interfaces__rosidl_typesupport_fastrtps_c.dir/rosidl_typesupport_fastrtps_c/dynamixel_interfaces/srv/detail/get_data_from_dxl__type_support_c.cpp.o[0m
[13.013s] [ 61%] [32m[1mLinking C shared library libdynamixel_interfaces__rosidl_typesupport_introspection_c.so[0m
[13.013s] [ 61%] Built target dynamixel_interfaces__rosidl_typesupport_introspection_c
[13.013s] [ 63%] [32mBuilding CXX object CMakeFiles/dynamixel_interfaces__rosidl_typesupport_cpp.dir/rosidl_typesupport_cpp/dynamixel_interfaces/srv/get_data_from_dxl__type_support.cpp.o[0m
[13.013s] [ 64%] [32mBuilding CXX object CMakeFiles/dynamixel_interfaces__rosidl_typesupport_cpp.dir/rosidl_typesupport_cpp/dynamixel_interfaces/srv/set_data_to_dxl__type_support.cpp.o[0m
[13.013s] [ 66%] [32mBuilding CXX object CMakeFiles/dynamixel_interfaces__rosidl_typesupport_introspection_cpp.dir/rosidl_typesupport_introspection_cpp/dynamixel_interfaces/srv/detail/set_data_to_dxl__type_support.cpp.o[0m
[13.013s] [ 67%] [32mBuilding CXX object CMakeFiles/dynamixel_interfaces__rosidl_typesupport_fastrtps_c.dir/rosidl_typesupport_fastrtps_c/dynamixel_interfaces/srv/detail/set_data_to_dxl__type_support_c.cpp.o[0m
[13.271s] [ 69%] [32mBuilding CXX object CMakeFiles/dynamixel_interfaces__rosidl_typesupport_fastrtps_cpp.dir/rosidl_typesupport_fastrtps_cpp/dynamixel_interfaces/srv/detail/dds_fastrtps/set_data_to_dxl__type_support.cpp.o[0m
[13.481s] [ 70%] [32mBuilding CXX object CMakeFiles/dynamixel_interfaces__rosidl_typesupport_cpp.dir/rosidl_typesupport_cpp/dynamixel_interfaces/srv/reboot_dxl__type_support.cpp.o[0m
[13.764s] [ 72%] [32mBuilding CXX object CMakeFiles/dynamixel_interfaces__rosidl_typesupport_fastrtps_c.dir/rosidl_typesupport_fastrtps_c/dynamixel_interfaces/srv/detail/reboot_dxl__type_support_c.cpp.o[0m
[13.822s] [ 73%] [32mBuilding CXX object CMakeFiles/dynamixel_interfaces__rosidl_typesupport_introspection_cpp.dir/rosidl_typesupport_introspection_cpp/dynamixel_interfaces/srv/detail/reboot_dxl__type_support.cpp.o[0m
[13.922s] [ 75%] [32mBuilding CXX object CMakeFiles/dynamixel_interfaces__rosidl_typesupport_fastrtps_cpp.dir/rosidl_typesupport_fastrtps_cpp/dynamixel_interfaces/srv/detail/dds_fastrtps/reboot_dxl__type_support.cpp.o[0m
[14.813s] [ 76%] [32m[1mLinking CXX shared library libdynamixel_interfaces__rosidl_typesupport_cpp.so[0m
[14.838s] [ 78%] [32m[1mLinking CXX shared library libdynamixel_interfaces__rosidl_typesupport_introspection_cpp.so[0m
[15.078s] [ 80%] [32m[1mLinking CXX shared library libdynamixel_interfaces__rosidl_typesupport_fastrtps_c.so[0m
[15.092s] [ 80%] Built target dynamixel_interfaces__rosidl_typesupport_introspection_cpp
[15.092s] [ 80%] Built target dynamixel_interfaces__rosidl_typesupport_cpp
[15.232s] [ 80%] Built target dynamixel_interfaces__rosidl_typesupport_fastrtps_c
[15.256s] [ 81%] [32m[1mLinking CXX shared library libdynamixel_interfaces__rosidl_typesupport_fastrtps_cpp.so[0m
[15.381s] [ 81%] Built target dynamixel_interfaces__rosidl_typesupport_fastrtps_cpp
[15.424s] [ 81%] Built target dynamixel_interfaces
[15.470s] [ 83%] [34m[1mGenerating Python code for ROS interfaces[0m
[17.049s] [ 83%] Built target dynamixel_interfaces__py
[17.146s] [ 84%] [32mBuilding C object CMakeFiles/dynamixel_interfaces__rosidl_generator_py.dir/rosidl_generator_py/dynamixel_interfaces/msg/_dynamixel_state_s.c.o[0m
[17.175s] [ 87%] [32mBuilding C object CMakeFiles/dynamixel_interfaces__rosidl_generator_py.dir/rosidl_generator_py/dynamixel_interfaces/srv/_reboot_dxl_s.c.o[0m
[17.178s] [ 87%] [32mBuilding C object CMakeFiles/dynamixel_interfaces__rosidl_generator_py.dir/rosidl_generator_py/dynamixel_interfaces/srv/_set_data_to_dxl_s.c.o[0m
[17.179s] [ 89%] [32mBuilding C object CMakeFiles/dynamixel_interfaces__rosidl_generator_py.dir/rosidl_generator_py/dynamixel_interfaces/srv/_get_data_from_dxl_s.c.o[0m
[18.050s] [ 90%] [32m[1mLinking C shared library libdynamixel_interfaces__rosidl_generator_py.so[0m
[18.241s] [ 90%] Built target dynamixel_interfaces__rosidl_generator_py
[18.359s] [ 92%] [32mBuilding C object CMakeFiles/dynamixel_interfaces_s__rosidl_typesupport_introspection_c.dir/rosidl_generator_py/dynamixel_interfaces/_dynamixel_interfaces_s.ep.rosidl_typesupport_introspection_c.c.o[0m
[18.365s] [ 93%] [32mBuilding C object CMakeFiles/dynamixel_interfaces_s__rosidl_typesupport_fastrtps_c.dir/rosidl_generator_py/dynamixel_interfaces/_dynamixel_interfaces_s.ep.rosidl_typesupport_fastrtps_c.c.o[0m
[18.377s] [ 95%] [32mBuilding C object CMakeFiles/dynamixel_interfaces_s__rosidl_typesupport_c.dir/rosidl_generator_py/dynamixel_interfaces/_dynamixel_interfaces_s.ep.rosidl_typesupport_c.c.o[0m
[19.047s] [ 96%] [32m[1mLinking C shared module rosidl_generator_py/dynamixel_interfaces/dynamixel_interfaces_s__rosidl_typesupport_c.so[0m
[19.128s] [ 98%] [32m[1mLinking C shared module rosidl_generator_py/dynamixel_interfaces/dynamixel_interfaces_s__rosidl_typesupport_introspection_c.so[0m
[19.137s] [ 98%] Built target dynamixel_interfaces_s__rosidl_typesupport_c
[19.160s] [100%] [32m[1mLinking C shared module rosidl_generator_py/dynamixel_interfaces/dynamixel_interfaces_s__rosidl_typesupport_fastrtps_c.so[0m
[19.276s] [100%] Built target dynamixel_interfaces_s__rosidl_typesupport_fastrtps_c
[19.304s] [100%] Built target dynamixel_interfaces_s__rosidl_typesupport_introspection_c
[19.399s] Invoked command in '/home/moveright/omx_ws/build/dynamixel_interfaces' returned '0': CMAKE_PREFIX_PATH=${CMAKE_PREFIX_PATH}:/opt/ros/jazzy /bin/cmake --build /home/moveright/omx_ws/build/dynamixel_interfaces -- -j8 -l8
[19.400s] Invoking command in '/home/moveright/omx_ws/build/dynamixel_interfaces': CMAKE_PREFIX_PATH=${CMAKE_PREFIX_PATH}:/opt/ros/jazzy /bin/cmake --install /home/moveright/omx_ws/build/dynamixel_interfaces
[21.994s] -- Install configuration: "Release"
[21.994s] -- Execute custom install script
[21.994s] -- Symlinking: /home/moveright/omx_ws/install/dynamixel_interfaces/share/ament_index/resource_index/rosidl_interfaces/dynamixel_interfaces
[21.994s] -- Symlinking: /home/moveright/omx_ws/install/dynamixel_interfaces/share/dynamixel_interfaces/msg/DynamixelState.json
[21.995s] -- Symlinking: /home/moveright/omx_ws/install/dynamixel_interfaces/share/dynamixel_interfaces/srv/GetDataFromDxl.json
[21.995s] -- Symlinking: /home/moveright/omx_ws/install/dynamixel_interfaces/share/dynamixel_interfaces/srv/SetDataToDxl.json
[21.995s] -- Symlinking: /home/moveright/omx_ws/install/dynamixel_interfaces/share/dynamixel_interfaces/srv/RebootDxl.json
[21.995s] -- Symlinking: /home/moveright/omx_ws/install/dynamixel_interfaces/include/dynamixel_interfaces/dynamixel_interfaces/msg/detail/dynamixel_state__functions.h
[21.995s] -- Symlinking: /home/moveright/omx_ws/install/dynamixel_interfaces/include/dynamixel_interfaces/dynamixel_interfaces/msg/detail/dynamixel_state__struct.h
[21.995s] -- Symlinking: /home/moveright/omx_ws/install/dynamixel_interfaces/include/dynamixel_interfaces/dynamixel_interfaces/msg/detail/dynamixel_state__type_support.h
[21.995s] -- Symlinking: /home/moveright/omx_ws/install/dynamixel_interfaces/include/dynamixel_interfaces/dynamixel_interfaces/msg/dynamixel_state.h
[21.996s] -- Symlinking: /home/moveright/omx_ws/install/dynamixel_interfaces/include/dynamixel_interfaces/dynamixel_interfaces/msg/rosidl_generator_c__visibility_control.h
[21.996s] -- Symlinking: /home/moveright/omx_ws/install/dynamixel_interfaces/include/dynamixel_interfaces/dynamixel_interfaces/srv/detail/get_data_from_dxl__functions.h
[21.996s] -- Symlinking: /home/moveright/omx_ws/install/dynamixel_interfaces/include/dynamixel_interfaces/dynamixel_interfaces/srv/detail/get_data_from_dxl__struct.h
[21.996s] -- Symlinking: /home/moveright/omx_ws/install/dynamixel_interfaces/include/dynamixel_interfaces/dynamixel_interfaces/srv/detail/get_data_from_dxl__type_support.h
[21.996s] -- Symlinking: /home/moveright/omx_ws/install/dynamixel_interfaces/include/dynamixel_interfaces/dynamixel_interfaces/srv/detail/reboot_dxl__functions.h
[21.996s] -- Symlinking: /home/moveright/omx_ws/install/dynamixel_interfaces/include/dynamixel_interfaces/dynamixel_interfaces/srv/detail/reboot_dxl__struct.h
[21.996s] -- Symlinking: /home/moveright/omx_ws/install/dynamixel_interfaces/include/dynamixel_interfaces/dynamixel_interfaces/srv/detail/reboot_dxl__type_support.h
[21.996s] -- Symlinking: /home/moveright/omx_ws/install/dynamixel_interfaces/include/dynamixel_interfaces/dynamixel_interfaces/srv/detail/set_data_to_dxl__functions.h
[21.996s] -- Symlinking: /home/moveright/omx_ws/install/dynamixel_interfaces/include/dynamixel_interfaces/dynamixel_interfaces/srv/detail/set_data_to_dxl__struct.h
[21.996s] -- Symlinking: /home/moveright/omx_ws/install/dynamixel_interfaces/include/dynamixel_interfaces/dynamixel_interfaces/srv/detail/set_data_to_dxl__type_support.h
[21.996s] -- Symlinking: /home/moveright/omx_ws/install/dynamixel_interfaces/include/dynamixel_interfaces/dynamixel_interfaces/srv/get_data_from_dxl.h
[21.996s] -- Symlinking: /home/moveright/omx_ws/install/dynamixel_interfaces/include/dynamixel_interfaces/dynamixel_interfaces/srv/reboot_dxl.h
[21.996s] -- Symlinking: /home/moveright/omx_ws/install/dynamixel_interfaces/include/dynamixel_interfaces/dynamixel_interfaces/srv/set_data_to_dxl.h
[21.996s] -- Symlinking: /home/moveright/omx_ws/install/dynamixel_interfaces/share/dynamixel_interfaces/environment/library_path.sh
[21.996s] -- Symlinking: /home/moveright/omx_ws/install/dynamixel_interfaces/share/dynamixel_interfaces/environment/library_path.dsv
[21.997s] -- Symlinking: /home/moveright/omx_ws/install/dynamixel_interfaces/include/dynamixel_interfaces/dynamixel_interfaces/msg/detail/dynamixel_state__rosidl_typesupport_fastrtps_c.h
[21.997s] -- Symlinking: /home/moveright/omx_ws/install/dynamixel_interfaces/include/dynamixel_interfaces/dynamixel_interfaces/msg/rosidl_typesupport_fastrtps_c__visibility_control.h
[21.997s] -- Symlinking: /home/moveright/omx_ws/install/dynamixel_interfaces/include/dynamixel_interfaces/dynamixel_interfaces/srv/detail/get_data_from_dxl__rosidl_typesupport_fastrtps_c.h
[22.000s] -- Symlinking: /home/moveright/omx_ws/install/dynamixel_interfaces/include/dynamixel_interfaces/dynamixel_interfaces/srv/detail/reboot_dxl__rosidl_typesupport_fastrtps_c.h
[22.000s] -- Symlinking: /home/moveright/omx_ws/install/dynamixel_interfaces/include/dynamixel_interfaces/dynamixel_interfaces/srv/detail/set_data_to_dxl__rosidl_typesupport_fastrtps_c.h
[22.000s] -- Symlinking: /home/moveright/omx_ws/install/dynamixel_interfaces/include/dynamixel_interfaces/dynamixel_interfaces/msg/detail/dynamixel_state__builder.hpp
[22.000s] -- Symlinking: /home/moveright/omx_ws/install/dynamixel_interfaces/include/dynamixel_interfaces/dynamixel_interfaces/msg/detail/dynamixel_state__struct.hpp
[22.000s] -- Symlinking: /home/moveright/omx_ws/install/dynamixel_interfaces/include/dynamixel_interfaces/dynamixel_interfaces/msg/detail/dynamixel_state__traits.hpp
[22.000s] -- Symlinking: /home/moveright/omx_ws/install/dynamixel_interfaces/include/dynamixel_interfaces/dynamixel_interfaces/msg/detail/dynamixel_state__type_support.hpp
[22.000s] -- Symlinking: /home/moveright/omx_ws/install/dynamixel_interfaces/include/dynamixel_interfaces/dynamixel_interfaces/msg/dynamixel_state.hpp
[22.001s] -- Symlinking: /home/moveright/omx_ws/install/dynamixel_interfaces/include/dynamixel_interfaces/dynamixel_interfaces/msg/rosidl_generator_cpp__visibility_control.hpp
[22.001s] -- Symlinking: /home/moveright/omx_ws/install/dynamixel_interfaces/include/dynamixel_interfaces/dynamixel_interfaces/srv/detail/get_data_from_dxl__builder.hpp
[22.001s] -- Symlinking: /home/moveright/omx_ws/install/dynamixel_interfaces/include/dynamixel_interfaces/dynamixel_interfaces/srv/detail/get_data_from_dxl__struct.hpp
[22.001s] -- Symlinking: /home/moveright/omx_ws/install/dynamixel_interfaces/include/dynamixel_interfaces/dynamixel_interfaces/srv/detail/get_data_from_dxl__traits.hpp
[22.001s] -- Symlinking: /home/moveright/omx_ws/install/dynamixel_interfaces/include/dynamixel_interfaces/dynamixel_interfaces/srv/detail/get_data_from_dxl__type_support.hpp
[22.001s] -- Symlinking: /home/moveright/omx_ws/install/dynamixel_interfaces/include/dynamixel_interfaces/dynamixel_interfaces/srv/detail/reboot_dxl__builder.hpp
[22.001s] -- Symlinking: /home/moveright/omx_ws/install/dynamixel_interfaces/include/dynamixel_interfaces/dynamixel_interfaces/srv/detail/reboot_dxl__struct.hpp
[22.001s] -- Symlinking: /home/moveright/omx_ws/install/dynamixel_interfaces/include/dynamixel_interfaces/dynamixel_interfaces/srv/detail/reboot_dxl__traits.hpp
[22.001s] -- Symlinking: /home/moveright/omx_ws/install/dynamixel_interfaces/include/dynamixel_interfaces/dynamixel_interfaces/srv/detail/reboot_dxl__type_support.hpp
[22.001s] -- Symlinking: /home/moveright/omx_ws/install/dynamixel_interfaces/include/dynamixel_interfaces/dynamixel_interfaces/srv/detail/set_data_to_dxl__builder.hpp
[22.002s] -- Symlinking: /home/moveright/omx_ws/install/dynamixel_interfaces/include/dynamixel_interfaces/dynamixel_interfaces/srv/detail/set_data_to_dxl__struct.hpp
[22.002s] -- Symlinking: /home/moveright/omx_ws/install/dynamixel_interfaces/include/dynamixel_interfaces/dynamixel_interfaces/srv/detail/set_data_to_dxl__traits.hpp
[22.002s] -- Symlinking: /home/moveright/omx_ws/install/dynamixel_interfaces/include/dynamixel_interfaces/dynamixel_interfaces/srv/detail/set_data_to_dxl__type_support.hpp
[22.002s] -- Symlinking: /home/moveright/omx_ws/install/dynamixel_interfaces/include/dynamixel_interfaces/dynamixel_interfaces/srv/get_data_from_dxl.hpp
[22.002s] -- Symlinking: /home/moveright/omx_ws/install/dynamixel_interfaces/include/dynamixel_interfaces/dynamixel_interfaces/srv/reboot_dxl.hpp
[22.002s] -- Symlinking: /home/moveright/omx_ws/install/dynamixel_interfaces/include/dynamixel_interfaces/dynamixel_interfaces/srv/set_data_to_dxl.hpp
[22.002s] -- Symlinking: /home/moveright/omx_ws/install/dynamixel_interfaces/include/dynamixel_interfaces/dynamixel_interfaces/msg/detail/dynamixel_state__rosidl_typesupport_fastrtps_cpp.hpp
[22.002s] -- Symlinking: /home/moveright/omx_ws/install/dynamixel_interfaces/include/dynamixel_interfaces/dynamixel_interfaces/msg/rosidl_typesupport_fastrtps_cpp__visibility_control.h
[22.002s] -- Symlinking: /home/moveright/omx_ws/install/dynamixel_interfaces/include/dynamixel_interfaces/dynamixel_interfaces/srv/detail/get_data_from_dxl__rosidl_typesupport_fastrtps_cpp.hpp
[22.002s] -- Symlinking: /home/moveright/omx_ws/install/dynamixel_interfaces/include/dynamixel_interfaces/dynamixel_interfaces/srv/detail/reboot_dxl__rosidl_typesupport_fastrtps_cpp.hpp
[22.002s] -- Symlinking: /home/moveright/omx_ws/install/dynamixel_interfaces/include/dynamixel_interfaces/dynamixel_interfaces/srv/detail/set_data_to_dxl__rosidl_typesupport_fastrtps_cpp.hpp
[22.003s] -- Symlinking: /home/moveright/omx_ws/install/dynamixel_interfaces/include/dynamixel_interfaces/dynamixel_interfaces/msg/detail/dynamixel_state__rosidl_typesupport_introspection_c.h
[22.003s] -- Symlinking: /home/moveright/omx_ws/install/dynamixel_interfaces/include/dynamixel_interfaces/dynamixel_interfaces/msg/rosidl_typesupport_introspection_c__visibility_control.h
[22.003s] -- Symlinking: /home/moveright/omx_ws/install/dynamixel_interfaces/include/dynamixel_interfaces/dynamixel_interfaces/srv/detail/get_data_from_dxl__rosidl_typesupport_introspection_c.h
[22.003s] -- Symlinking: /home/moveright/omx_ws/install/dynamixel_interfaces/include/dynamixel_interfaces/dynamixel_interfaces/srv/detail/reboot_dxl__rosidl_typesupport_introspection_c.h
[22.003s] -- Symlinking: /home/moveright/omx_ws/install/dynamixel_interfaces/include/dynamixel_interfaces/dynamixel_interfaces/srv/detail/set_data_to_dxl__rosidl_typesupport_introspection_c.h
[22.003s] -- Symlinking: /home/moveright/omx_ws/install/dynamixel_interfaces/include/dynamixel_interfaces/dynamixel_interfaces/msg/detail/dynamixel_state__rosidl_typesupport_introspection_cpp.hpp
[22.003s] -- Symlinking: /home/moveright/omx_ws/install/dynamixel_interfaces/include/dynamixel_interfaces/dynamixel_interfaces/srv/detail/get_data_from_dxl__rosidl_typesupport_introspection_cpp.hpp
[22.003s] -- Symlinking: /home/moveright/omx_ws/install/dynamixel_interfaces/include/dynamixel_interfaces/dynamixel_interfaces/srv/detail/reboot_dxl__rosidl_typesupport_introspection_cpp.hpp
[22.020s] -- Symlinking: /home/moveright/omx_ws/install/dynamixel_interfaces/include/dynamixel_interfaces/dynamixel_interfaces/srv/detail/set_data_to_dxl__rosidl_typesupport_introspection_cpp.hpp
[22.075s] -- Symlinking: /home/moveright/omx_ws/install/dynamixel_interfaces/share/dynamixel_interfaces/environment/pythonpath.sh
[22.132s] -- Symlinking: /home/moveright/omx_ws/install/dynamixel_interfaces/share/dynamixel_interfaces/environment/pythonpath.dsv
[22.198s] -- Symlinking: /home/moveright/omx_ws/install/dynamixel_interfaces/lib/python3.12/site-packages/dynamixel_interfaces-1.0.1-py3.12.egg-info/PKG-INFO
[22.269s] -- Symlinking: /home/moveright/omx_ws/install/dynamixel_interfaces/lib/python3.12/site-packages/dynamixel_interfaces-1.0.1-py3.12.egg-info/SOURCES.txt
[22.314s] -- Symlinking: /home/moveright/omx_ws/install/dynamixel_interfaces/lib/python3.12/site-packages/dynamixel_interfaces-1.0.1-py3.12.egg-info/dependency_links.txt
[22.362s] -- Symlinking: /home/moveright/omx_ws/install/dynamixel_interfaces/lib/python3.12/site-packages/dynamixel_interfaces-1.0.1-py3.12.egg-info/top_level.txt
[22.420s] -- Symlinking: /home/moveright/omx_ws/install/dynamixel_interfaces/lib/python3.12/site-packages/dynamixel_interfaces/__init__.py
[22.479s] -- Symlinking: /home/moveright/omx_ws/install/dynamixel_interfaces/lib/python3.12/site-packages/dynamixel_interfaces/_dynamixel_interfaces_s.ep.rosidl_typesupport_c.c
[22.523s] -- Symlinking: /home/moveright/omx_ws/install/dynamixel_interfaces/lib/python3.12/site-packages/dynamixel_interfaces/_dynamixel_interfaces_s.ep.rosidl_typesupport_fastrtps_c.c
[22.563s] -- Symlinking: /home/moveright/omx_ws/install/dynamixel_interfaces/lib/python3.12/site-packages/dynamixel_interfaces/_dynamixel_interfaces_s.ep.rosidl_typesupport_introspection_c.c
[22.615s] -- Symlinking: /home/moveright/omx_ws/install/dynamixel_interfaces/lib/python3.12/site-packages/dynamixel_interfaces/dynamixel_interfaces_s__rosidl_typesupport_c.so
[22.671s] -- Symlinking: /home/moveright/omx_ws/install/dynamixel_interfaces/lib/python3.12/site-packages/dynamixel_interfaces/dynamixel_interfaces_s__rosidl_typesupport_fastrtps_c.so
[22.707s] -- Symlinking: /home/moveright/omx_ws/install/dynamixel_interfaces/lib/python3.12/site-packages/dynamixel_interfaces/dynamixel_interfaces_s__rosidl_typesupport_introspection_c.so
[22.748s] -- Symlinking: /home/moveright/omx_ws/install/dynamixel_interfaces/lib/python3.12/site-packages/dynamixel_interfaces/msg/__init__.py
[22.817s] -- Symlinking: /home/moveright/omx_ws/install/dynamixel_interfaces/lib/python3.12/site-packages/dynamixel_interfaces/msg/_dynamixel_state.py
[22.861s] -- Symlinking: /home/moveright/omx_ws/install/dynamixel_interfaces/lib/python3.12/site-packages/dynamixel_interfaces/msg/_dynamixel_state_s.c
[22.905s] -- Symlinking: /home/moveright/omx_ws/install/dynamixel_interfaces/lib/python3.12/site-packages/dynamixel_interfaces/srv/__init__.py
[22.942s] -- Symlinking: /home/moveright/omx_ws/install/dynamixel_interfaces/lib/python3.12/site-packages/dynamixel_interfaces/srv/_get_data_from_dxl.py
[22.988s] -- Symlinking: /home/moveright/omx_ws/install/dynamixel_interfaces/lib/python3.12/site-packages/dynamixel_interfaces/srv/_get_data_from_dxl_s.c
[23.033s] -- Symlinking: /home/moveright/omx_ws/install/dynamixel_interfaces/lib/python3.12/site-packages/dynamixel_interfaces/srv/_reboot_dxl.py
[23.076s] -- Symlinking: /home/moveright/omx_ws/install/dynamixel_interfaces/lib/python3.12/site-packages/dynamixel_interfaces/srv/_reboot_dxl_s.c
[23.113s] -- Symlinking: /home/moveright/omx_ws/install/dynamixel_interfaces/lib/python3.12/site-packages/dynamixel_interfaces/srv/_set_data_to_dxl.py
[23.168s] -- Symlinking: /home/moveright/omx_ws/install/dynamixel_interfaces/lib/python3.12/site-packages/dynamixel_interfaces/srv/_set_data_to_dxl_s.c
[23.251s] -- Up-to-date symlink: /home/moveright/omx_ws/install/dynamixel_interfaces/lib/python3.12/site-packages/dynamixel_interfaces/dynamixel_interfaces_s__rosidl_typesupport_fastrtps_c.so
[23.254s] -- Up-to-date symlink: /home/moveright/omx_ws/install/dynamixel_interfaces/lib/python3.12/site-packages/dynamixel_interfaces/dynamixel_interfaces_s__rosidl_typesupport_introspection_c.so
[23.262s] -- Up-to-date symlink: /home/moveright/omx_ws/install/dynamixel_interfaces/lib/python3.12/site-packages/dynamixel_interfaces/dynamixel_interfaces_s__rosidl_typesupport_c.so
[23.264s] -- Symlinking: /home/moveright/omx_ws/install/dynamixel_interfaces/share/ament_index/resource_index/rust_packages/dynamixel_interfaces
[23.314s] -- Symlinking: /home/moveright/omx_ws/install/dynamixel_interfaces/share/dynamixel_interfaces/rust/Cargo.toml
[23.359s] -- Symlinking: /home/moveright/omx_ws/install/dynamixel_interfaces/share/dynamixel_interfaces/rust/build.rs
[23.390s] -- Symlinking: /home/moveright/omx_ws/install/dynamixel_interfaces/share/dynamixel_interfaces/rust/src/lib.rs
[23.412s] -- Symlinking: /home/moveright/omx_ws/install/dynamixel_interfaces/share/dynamixel_interfaces/rust/src/msg.rs
[23.432s] -- Symlinking: /home/moveright/omx_ws/install/dynamixel_interfaces/share/dynamixel_interfaces/rust/src/msg/rmw.rs
[23.450s] -- Symlinking: /home/moveright/omx_ws/install/dynamixel_interfaces/share/dynamixel_interfaces/rust/src/srv.rs
[23.488s] -- Symlinking: /home/moveright/omx_ws/install/dynamixel_interfaces/share/dynamixel_interfaces/rust/src/srv/rmw.rs
[23.531s] -- Symlinking: /home/moveright/omx_ws/install/dynamixel_interfaces/share/dynamixel_interfaces/msg/DynamixelState.idl
[23.577s] -- Symlinking: /home/moveright/omx_ws/install/dynamixel_interfaces/share/dynamixel_interfaces/srv/GetDataFromDxl.idl
[23.665s] -- Symlinking: /home/moveright/omx_ws/install/dynamixel_interfaces/share/dynamixel_interfaces/srv/SetDataToDxl.idl
[23.699s] -- Symlinking: /home/moveright/omx_ws/install/dynamixel_interfaces/share/dynamixel_interfaces/srv/RebootDxl.idl
[23.741s] -- Symlinking: /home/moveright/omx_ws/install/dynamixel_interfaces/share/dynamixel_interfaces/msg/DynamixelState.msg
[23.803s] -- Symlinking: /home/moveright/omx_ws/install/dynamixel_interfaces/share/dynamixel_interfaces/srv/GetDataFromDxl.srv
[23.840s] -- Symlinking: /home/moveright/omx_ws/install/dynamixel_interfaces/share/dynamixel_interfaces/srv/SetDataToDxl.srv
[23.889s] -- Symlinking: /home/moveright/omx_ws/install/dynamixel_interfaces/share/dynamixel_interfaces/srv/RebootDxl.srv
[23.933s] -- Symlinking: /home/moveright/omx_ws/install/dynamixel_interfaces/share/ament_index/resource_index/package_run_dependencies/dynamixel_interfaces
[23.988s] -- Symlinking: /home/moveright/omx_ws/install/dynamixel_interfaces/share/ament_index/resource_index/parent_prefix_path/dynamixel_interfaces
[24.035s] -- Symlinking: /home/moveright/omx_ws/install/dynamixel_interfaces/share/dynamixel_interfaces/environment/ament_prefix_path.sh
[24.092s] -- Symlinking: /home/moveright/omx_ws/install/dynamixel_interfaces/share/dynamixel_interfaces/environment/ament_prefix_path.dsv
[24.145s] -- Symlinking: /home/moveright/omx_ws/install/dynamixel_interfaces/share/dynamixel_interfaces/environment/path.sh
[24.202s] -- Symlinking: /home/moveright/omx_ws/install/dynamixel_interfaces/share/dynamixel_interfaces/environment/path.dsv
[24.238s] -- Symlinking: /home/moveright/omx_ws/install/dynamixel_interfaces/share/dynamixel_interfaces/local_setup.bash
[24.295s] -- Symlinking: /home/moveright/omx_ws/install/dynamixel_interfaces/share/dynamixel_interfaces/local_setup.sh
[24.324s] -- Symlinking: /home/moveright/omx_ws/install/dynamixel_interfaces/share/dynamixel_interfaces/local_setup.zsh
[24.374s] -- Symlinking: /home/moveright/omx_ws/install/dynamixel_interfaces/share/dynamixel_interfaces/local_setup.dsv
[24.433s] -- Symlinking: /home/moveright/omx_ws/install/dynamixel_interfaces/share/dynamixel_interfaces/package.dsv
[24.481s] -- Symlinking: /home/moveright/omx_ws/install/dynamixel_interfaces/share/ament_index/resource_index/packages/dynamixel_interfaces
[24.524s] -- Symlinking: /home/moveright/omx_ws/install/dynamixel_interfaces/share/dynamixel_interfaces/cmake/rosidl_cmake-extras.cmake
[24.565s] -- Symlinking: /home/moveright/omx_ws/install/dynamixel_interfaces/share/dynamixel_interfaces/cmake/ament_cmake_export_dependencies-extras.cmake
[24.621s] -- Symlinking: /home/moveright/omx_ws/install/dynamixel_interfaces/share/dynamixel_interfaces/cmake/ament_cmake_export_include_directories-extras.cmake
[24.663s] -- Symlinking: /home/moveright/omx_ws/install/dynamixel_interfaces/share/dynamixel_interfaces/cmake/ament_cmake_export_libraries-extras.cmake
[24.683s] -- Symlinking: /home/moveright/omx_ws/install/dynamixel_interfaces/share/dynamixel_interfaces/cmake/ament_cmake_export_targets-extras.cmake
[24.705s] -- Symlinking: /home/moveright/omx_ws/install/dynamixel_interfaces/share/dynamixel_interfaces/cmake/rosidl_cmake_export_typesupport_targets-extras.cmake
[24.724s] -- Symlinking: /home/moveright/omx_ws/install/dynamixel_interfaces/share/dynamixel_interfaces/cmake/rosidl_cmake_export_typesupport_libraries-extras.cmake
[24.746s] -- Symlinking: /home/moveright/omx_ws/install/dynamixel_interfaces/share/dynamixel_interfaces/cmake/rosidl_cmake_aggregate_target-extras.cmake
[24.776s] -- Symlinking: /home/moveright/omx_ws/install/dynamixel_interfaces/share/dynamixel_interfaces/cmake/dynamixel_interfacesConfig.cmake
[24.848s] -- Symlinking: /home/moveright/omx_ws/install/dynamixel_interfaces/share/dynamixel_interfaces/cmake/dynamixel_interfacesConfig-version.cmake
[24.891s] -- Symlinking: /home/moveright/omx_ws/install/dynamixel_interfaces/share/dynamixel_interfaces/package.xml
[24.922s] -- Installing: /home/moveright/omx_ws/install/dynamixel_interfaces/lib/libdynamixel_interfaces__rosidl_generator_c.so
[24.934s] -- Set non-toolchain portion of runtime path of "/home/moveright/omx_ws/install/dynamixel_interfaces/lib/libdynamixel_interfaces__rosidl_generator_c.so" to ""
[24.935s] -- Installing: /home/moveright/omx_ws/install/dynamixel_interfaces/lib/libdynamixel_interfaces__rosidl_typesupport_fastrtps_c.so
[24.945s] -- Set non-toolchain portion of runtime path of "/home/moveright/omx_ws/install/dynamixel_interfaces/lib/libdynamixel_interfaces__rosidl_typesupport_fastrtps_c.so" to ""
[24.945s] -- Installing: /home/moveright/omx_ws/install/dynamixel_interfaces/lib/libdynamixel_interfaces__rosidl_typesupport_fastrtps_cpp.so
[24.946s] -- Set non-toolchain portion of runtime path of "/home/moveright/omx_ws/install/dynamixel_interfaces/lib/libdynamixel_interfaces__rosidl_typesupport_fastrtps_cpp.so" to ""
[24.946s] -- Installing: /home/moveright/omx_ws/install/dynamixel_interfaces/lib/libdynamixel_interfaces__rosidl_typesupport_introspection_c.so
[24.946s] -- Set non-toolchain portion of runtime path of "/home/moveright/omx_ws/install/dynamixel_interfaces/lib/libdynamixel_interfaces__rosidl_typesupport_introspection_c.so" to ""
[24.946s] -- Installing: /home/moveright/omx_ws/install/dynamixel_interfaces/lib/libdynamixel_interfaces__rosidl_typesupport_c.so
[24.955s] -- Set non-toolchain portion of runtime path of "/home/moveright/omx_ws/install/dynamixel_interfaces/lib/libdynamixel_interfaces__rosidl_typesupport_c.so" to ""
[24.956s] -- Installing: /home/moveright/omx_ws/install/dynamixel_interfaces/lib/libdynamixel_interfaces__rosidl_typesupport_introspection_cpp.so
[24.956s] -- Set non-toolchain portion of runtime path of "/home/moveright/omx_ws/install/dynamixel_interfaces/lib/libdynamixel_interfaces__rosidl_typesupport_introspection_cpp.so" to ""
[24.956s] -- Installing: /home/moveright/omx_ws/install/dynamixel_interfaces/lib/libdynamixel_interfaces__rosidl_typesupport_cpp.so
[24.957s] -- Set non-toolchain portion of runtime path of "/home/moveright/omx_ws/install/dynamixel_interfaces/lib/libdynamixel_interfaces__rosidl_typesupport_cpp.so" to ""
[25.131s] Listing '/home/moveright/omx_ws/install/dynamixel_interfaces/lib/python3.12/site-packages/dynamixel_interfaces'...
[25.131s] Compiling '/home/moveright/omx_ws/install/dynamixel_interfaces/lib/python3.12/site-packages/dynamixel_interfaces/__init__.py'...
[25.131s] Listing '/home/moveright/omx_ws/install/dynamixel_interfaces/lib/python3.12/site-packages/dynamixel_interfaces/msg'...
[25.131s] Compiling '/home/moveright/omx_ws/install/dynamixel_interfaces/lib/python3.12/site-packages/dynamixel_interfaces/msg/__init__.py'...
[25.131s] Compiling '/home/moveright/omx_ws/install/dynamixel_interfaces/lib/python3.12/site-packages/dynamixel_interfaces/msg/_dynamixel_state.py'...
[25.131s] Listing '/home/moveright/omx_ws/install/dynamixel_interfaces/lib/python3.12/site-packages/dynamixel_interfaces/srv'...
[25.131s] Compiling '/home/moveright/omx_ws/install/dynamixel_interfaces/lib/python3.12/site-packages/dynamixel_interfaces/srv/__init__.py'...
[25.131s] Compiling '/home/moveright/omx_ws/install/dynamixel_interfaces/lib/python3.12/site-packages/dynamixel_interfaces/srv/_get_data_from_dxl.py'...
[25.131s] Compiling '/home/moveright/omx_ws/install/dynamixel_interfaces/lib/python3.12/site-packages/dynamixel_interfaces/srv/_reboot_dxl.py'...
[25.131s] Compiling '/home/moveright/omx_ws/install/dynamixel_interfaces/lib/python3.12/site-packages/dynamixel_interfaces/srv/_set_data_to_dxl.py'...
[25.144s] -- Installing: /home/moveright/omx_ws/install/dynamixel_interfaces/lib/libdynamixel_interfaces__rosidl_generator_py.so
[25.144s] -- Set non-toolchain portion of runtime path of "/home/moveright/omx_ws/install/dynamixel_interfaces/lib/libdynamixel_interfaces__rosidl_generator_py.so" to ""
[25.144s] -- Installing: /home/moveright/omx_ws/install/dynamixel_interfaces/share/dynamixel_interfaces/cmake/export_dynamixel_interfaces__rosidl_generator_cExport.cmake
[25.144s] -- Installing: /home/moveright/omx_ws/install/dynamixel_interfaces/share/dynamixel_interfaces/cmake/export_dynamixel_interfaces__rosidl_generator_cExport-release.cmake
[25.145s] -- Installing: /home/moveright/omx_ws/install/dynamixel_interfaces/share/dynamixel_interfaces/cmake/export_dynamixel_interfaces__rosidl_typesupport_fastrtps_cExport.cmake
[25.146s] -- Installing: /home/moveright/omx_ws/install/dynamixel_interfaces/share/dynamixel_interfaces/cmake/export_dynamixel_interfaces__rosidl_typesupport_fastrtps_cExport-release.cmake
[25.146s] -- Installing: /home/moveright/omx_ws/install/dynamixel_interfaces/share/dynamixel_interfaces/cmake/export_dynamixel_interfaces__rosidl_generator_cppExport.cmake
[25.147s] -- Installing: /home/moveright/omx_ws/install/dynamixel_interfaces/share/dynamixel_interfaces/cmake/export_dynamixel_interfaces__rosidl_typesupport_fastrtps_cppExport.cmake
[25.151s] -- Installing: /home/moveright/omx_ws/install/dynamixel_interfaces/share/dynamixel_interfaces/cmake/export_dynamixel_interfaces__rosidl_typesupport_fastrtps_cppExport-release.cmake
[25.152s] -- Installing: /home/moveright/omx_ws/install/dynamixel_interfaces/share/dynamixel_interfaces/cmake/dynamixel_interfaces__rosidl_typesupport_introspection_cExport.cmake
[25.152s] -- Installing: /home/moveright/omx_ws/install/dynamixel_interfaces/share/dynamixel_interfaces/cmake/dynamixel_interfaces__rosidl_typesupport_introspection_cExport-release.cmake
[25.153s] -- Installing: /home/moveright/omx_ws/install/dynamixel_interfaces/share/dynamixel_interfaces/cmake/dynamixel_interfaces__rosidl_typesupport_cExport.cmake
[25.153s] -- Installing: /home/moveright/omx_ws/install/dynamixel_interfaces/share/dynamixel_interfaces/cmake/dynamixel_interfaces__rosidl_typesupport_cExport-release.cmake
[25.154s] -- Installing: /home/moveright/omx_ws/install/dynamixel_interfaces/share/dynamixel_interfaces/cmake/dynamixel_interfaces__rosidl_typesupport_introspection_cppExport.cmake
[25.155s] -- Installing: /home/moveright/omx_ws/install/dynamixel_interfaces/share/dynamixel_interfaces/cmake/dynamixel_interfaces__rosidl_typesupport_introspection_cppExport-release.cmake
[25.155s] -- Installing: /home/moveright/omx_ws/install/dynamixel_interfaces/share/dynamixel_interfaces/cmake/dynamixel_interfaces__rosidl_typesupport_cppExport.cmake
[25.159s] -- Installing: /home/moveright/omx_ws/install/dynamixel_interfaces/share/dynamixel_interfaces/cmake/dynamixel_interfaces__rosidl_typesupport_cppExport-release.cmake
[25.159s] -- Installing: /home/moveright/omx_ws/install/dynamixel_interfaces/share/dynamixel_interfaces/cmake/export_dynamixel_interfaces__rosidl_generator_pyExport.cmake
[25.160s] -- Installing: /home/moveright/omx_ws/install/dynamixel_interfaces/share/dynamixel_interfaces/cmake/export_dynamixel_interfaces__rosidl_generator_pyExport-release.cmake
[25.247s] Invoked command in '/home/moveright/omx_ws/build/dynamixel_interfaces' returned '0': CMAKE_PREFIX_PATH=${CMAKE_PREFIX_PATH}:/opt/ros/jazzy /bin/cmake --install /home/moveright/omx_ws/build/dynamixel_interfaces
